#
# There is insufficient memory for the Java Runtime Environment to continue.
# Native memory allocation (mmap) failed to map 65011712 bytes for committing reserved memory.
# Possible reasons:
#   The system is out of physical RAM or swap space
#   In 32 bit mode, the process size limit was hit
# Possible solutions:
#   Reduce memory load on the system
#   Increase physical memory or swap space
#   Check if swap backing store is full
#   Use 64 bit Java on a 64 bit OS
#   Decrease Java heap size (-Xmx/-Xms)
#   Decrease number of Java threads
#   Decrease Java thread stack sizes (-Xss)
#   Set larger code cache with -XX:ReservedCodeCacheSize=
# This output file may be truncated or incomplete.
#
#  Out of Memory Error (os_linux.cpp:2643), pid=5504, tid=0x00007f89c11ad700
#
# JRE version: OpenJDK Runtime Environment (8.0_162-b12) (build 1.8.0_162-8u162-b12-0ubuntu0.16.04.2-b12)
# Java VM: OpenJDK 64-Bit Server VM (25.162-b12 mixed mode linux-amd64 compressed oops)
# Failed to write core dump. Core dumps have been disabled. To enable core dumping, try "ulimit -c unlimited" before starting Java again
#

---------------  T H R E A D  ---------------

Current thread (0x00007f89d4077800):  VMThread [stack: 0x00007f89c10ad000,0x00007f89c11ae000] [id=5508]

Stack: [0x00007f89c10ad000,0x00007f89c11ae000],  sp=0x00007f89c11ac4a0,  free space=1021k
Native frames: (J=compiled Java code, j=interpreted, Vv=VM code, C=native code)
V  [libjvm.so+0xa6d16b]
V  [libjvm.so+0x4c698c]
V  [libjvm.so+0x8b9e18]
V  [libjvm.so+0x8b41ae]
V  [libjvm.so+0x92f596]
V  [libjvm.so+0x9308c3]
V  [libjvm.so+0x92cf8b]
V  [libjvm.so+0x925db9]
V  [libjvm.so+0x44aa33]
V  [libjvm.so+0xa6e6f9]
V  [libjvm.so+0xa73fd7]
V  [libjvm.so+0xa716d7]
V  [libjvm.so+0xa72b5f]
V  [libjvm.so+0xa73051]
V  [libjvm.so+0x8b7222]

VM_Operation (0x00007f89bbffb150): CollectForMetadataAllocation, mode: safepoint, requested by thread 0x00007f8990012800


---------------  P R O C E S S  ---------------

Java Threads: ( => current thread )
  0x00007f8990012800 JavaThread "background-preinit" [_thread_blocked, id=5518, stack(0x00007f89bbeff000,0x00007f89bc000000)]
  0x00007f898c002800 JavaThread "restartedMain" [_thread_blocked, id=5517, stack(0x00007f89c0079000,0x00007f89c017a000)]
  0x00007f89d4804800 JavaThread "Thread-0" [_thread_blocked, id=5516, stack(0x00007f89c017a000,0x00007f89c027b000)]
  0x00007f89d40b3800 JavaThread "Service Thread" daemon [_thread_blocked, id=5514, stack(0x00007f89c069f000,0x00007f89c07a0000)]
  0x00007f89d40b0800 JavaThread "C1 CompilerThread1" daemon [_thread_blocked, id=5513, stack(0x00007f89c07a0000,0x00007f89c08a1000)]
  0x00007f89d40ad800 JavaThread "C2 CompilerThread0" daemon [_thread_blocked, id=5512, stack(0x00007f89c08a1000,0x00007f89c09a2000)]
  0x00007f89d40ab800 JavaThread "Signal Dispatcher" daemon [_thread_blocked, id=5511, stack(0x00007f89c09a2000,0x00007f89c0aa3000)]
  0x00007f89d4084000 JavaThread "Finalizer" daemon [_thread_blocked, id=5510, stack(0x00007f89c0eab000,0x00007f89c0fac000)]
  0x00007f89d407f800 JavaThread "Reference Handler" daemon [_thread_blocked, id=5509, stack(0x00007f89c0fac000,0x00007f89c10ad000)]
  0x00007f89d400e800 JavaThread "main" [_thread_blocked, id=5505, stack(0x00007f89dabbf000,0x00007f89dacc0000)]

Other Threads:
=>0x00007f89d4077800 VMThread [stack: 0x00007f89c10ad000,0x00007f89c11ae000] [id=5508]
  0x00007f89d40c2000 WatcherThread [stack: 0x00007f89c059e000,0x00007f89c069f000] [id=5515]

VM state:at safepoint (normal execution)

VM Mutex/Monitor currently owned by a thread:  ([mutex/lock_event])
[0x00007f89d400ac60] Threads_lock - owner thread: 0x00007f89d4077800
[0x00007f89d400b160] Heap_lock - owner thread: 0x00007f8990012800

Heap:
 PSYoungGen      total 67072K, used 6629K [0x00000000ec000000, 0x00000000f0900000, 0x0000000100000000)
  eden space 60416K, 0% used [0x00000000ec000000,0x00000000ec000000,0x00000000efb00000)
  from space 6656K, 99% used [0x00000000efb00000,0x00000000f01796d8,0x00000000f0180000)
  to   space 5632K, 0% used [0x00000000f0180000,0x00000000f0180000,0x00000000f0700000)
 ParOldGen       total 40960K, used 5558K [0x00000000c4000000, 0x00000000c6800000, 0x00000000ec000000)
  object space 40960K, 13% used [0x00000000c4000000,0x00000000c456d958,0x00000000c6800000)
 Metaspace       used 20653K, capacity 21150K, committed 21248K, reserved 1067008K
  class space    used 2572K, capacity 2718K, committed 2816K, reserved 1048576K

Card table byte_map: [0x00007f89c4016000,0x00007f89c41f7000] byte_map_base: 0x00007f89c39f6000

Marking Bits: (ParMarkBitMap*) 0x00007f89d9e89300
 Begin Bits: [0x00007f89c1ed4000, 0x00007f89c2dd4000)
 End Bits:   [0x00007f89c2dd4000, 0x00007f89c3cd4000)

Polling page: 0x00007f89dacdd000

CodeCache: size=245760Kb used=5319Kb max_used=5319Kb free=240440Kb
 bounds [0x00007f89c45b7000, 0x00007f89c4af7000, 0x00007f89d35b7000]
 total_blobs=1968 nmethods=1611 adapters=272
 compilation: enabled

Compilation events (10 events):
Event: 10.891 Thread 0x00007f89d40b0800 1622       3       org.springframework.core.ResolvableType$1::isAssignableFrom (24 bytes)
Event: 10.891 Thread 0x00007f89d40b0800 nmethod 1622 0x00007f89c4adefd0 code [0x00007f89c4adf140, 0x00007f89c4adf368]
Event: 10.926 Thread 0x00007f89d40b0800 1624       3       org.springframework.util.ConcurrentReferenceHashMap$ReferenceManager::createReference (43 bytes)
Event: 10.927 Thread 0x00007f89d40b0800 nmethod 1624 0x00007f89c4adf410 code [0x00007f89c4adf5c0, 0x00007f89c4adfac8]
Event: 10.927 Thread 0x00007f89d40b0800 1623       3       java.lang.System::getProperty (25 bytes)
Event: 10.928 Thread 0x00007f89d40b0800 nmethod 1623 0x00007f89c4adfd90 code [0x00007f89c4adff60, 0x00007f89c4ae0548]
Event: 10.928 Thread 0x00007f89d40b0800 1625       3       org.springframework.core.annotation.AnnotationUtils::postProcessAnnotationAttributes (460 bytes)
Event: 10.939 Thread 0x00007f89d40b0800 nmethod 1625 0x00007f89c4ae0810 code [0x00007f89c4ae0f40, 0x00007f89c4ae6528]
Event: 10.939 Thread 0x00007f89d40b0800 1626       3       org.springframework.beans.factory.support.AbstractAutowireCapableBeanFactory::determineTargetType (60 bytes)
Event: 10.941 Thread 0x00007f89d40b0800 nmethod 1626 0x00007f89c4ae9a90 code [0x00007f89c4ae9c40, 0x00007f89c4aea438]

GC Heap History (10 events):
Event: 3.640 GC heap after
Heap after GC invocations=2 (full 0):
 PSYoungGen      total 17920K, used 2161K [0x00000000ec000000, 0x00000000ee300000, 0x0000000100000000)
  eden space 15360K, 0% used [0x00000000ec000000,0x00000000ec000000,0x00000000ecf00000)
  from space 2560K, 84% used [0x00000000ed180000,0x00000000ed39c710,0x00000000ed400000)
  to   space 2560K, 0% used [0x00000000ecf00000,0x00000000ecf00000,0x00000000ed180000)
 ParOldGen       total 40960K, used 517K [0x00000000c4000000, 0x00000000c6800000, 0x00000000ec000000)
  object space 40960K, 1% used [0x00000000c4000000,0x00000000c40817b8,0x00000000c6800000)
 Metaspace       used 7682K, capacity 7858K, committed 8192K, reserved 1056768K
  class space    used 874K, capacity 939K, committed 1024K, reserved 1048576K
}
Event: 3.651 GC heap before
{Heap before GC invocations=3 (full 0):
 PSYoungGen      total 17920K, used 17482K [0x00000000ec000000, 0x00000000ee300000, 0x0000000100000000)
  eden space 15360K, 99% used [0x00000000ec000000,0x00000000ecef61d8,0x00000000ecf00000)
  from space 2560K, 84% used [0x00000000ed180000,0x00000000ed39c710,0x00000000ed400000)
  to   space 2560K, 0% used [0x00000000ecf00000,0x00000000ecf00000,0x00000000ed180000)
 ParOldGen       total 40960K, used 517K [0x00000000c4000000, 0x00000000c6800000, 0x00000000ec000000)
  object space 40960K, 1% used [0x00000000c4000000,0x00000000c40817b8,0x00000000c6800000)
 Metaspace       used 7682K, capacity 7858K, committed 8192K, reserved 1056768K
  class space    used 874K, capacity 939K, committed 1024K, reserved 1048576K
Event: 3.658 GC heap after
Heap after GC invocations=3 (full 0):
 PSYoungGen      total 17920K, used 1799K [0x00000000ec000000, 0x00000000ee300000, 0x0000000100000000)
  eden space 15360K, 0% used [0x00000000ec000000,0x00000000ec000000,0x00000000ecf00000)
  from space 2560K, 70% used [0x00000000ecf00000,0x00000000ed0c1e20,0x00000000ed180000)
  to   space 2560K, 0% used [0x00000000ee080000,0x00000000ee080000,0x00000000ee300000)
 ParOldGen       total 40960K, used 517K [0x00000000c4000000, 0x00000000c6800000, 0x00000000ec000000)
  object space 40960K, 1% used [0x00000000c4000000,0x00000000c40817b8,0x00000000c6800000)
 Metaspace       used 7682K, capacity 7858K, committed 8192K, reserved 1056768K
  class space    used 874K, capacity 939K, committed 1024K, reserved 1048576K
}
Event: 4.787 GC heap before
{Heap before GC invocations=4 (full 0):
 PSYoungGen      total 17920K, used 17159K [0x00000000ec000000, 0x00000000ee300000, 0x0000000100000000)
  eden space 15360K, 100% used [0x00000000ec000000,0x00000000ecf00000,0x00000000ecf00000)
  from space 2560K, 70% used [0x00000000ecf00000,0x00000000ed0c1e20,0x00000000ed180000)
  to   space 2560K, 0% used [0x00000000ee080000,0x00000000ee080000,0x00000000ee300000)
 ParOldGen       total 40960K, used 517K [0x00000000c4000000, 0x00000000c6800000, 0x00000000ec000000)
  object space 40960K, 1% used [0x00000000c4000000,0x00000000c40817b8,0x00000000c6800000)
 Metaspace       used 9473K, capacity 9738K, committed 9984K, reserved 1058816K
  class space    used 1099K, capacity 1198K, committed 1280K, reserved 1048576K
Event: 4.799 GC heap after
Heap after GC invocations=4 (full 0):
 PSYoungGen      total 33280K, used 2557K [0x00000000ec000000, 0x00000000ee300000, 0x0000000100000000)
  eden space 30720K, 0% used [0x00000000ec000000,0x00000000ec000000,0x00000000ede00000)
  from space 2560K, 99% used [0x00000000ee080000,0x00000000ee2ff640,0x00000000ee300000)
  to   space 2560K, 0% used [0x00000000ede00000,0x00000000ede00000,0x00000000ee080000)
 ParOldGen       total 40960K, used 1517K [0x00000000c4000000, 0x00000000c6800000, 0x00000000ec000000)
  object space 40960K, 3% used [0x00000000c4000000,0x00000000c417b648,0x00000000c6800000)
 Metaspace       used 9473K, capacity 9738K, committed 9984K, reserved 1058816K
  class space    used 1099K, capacity 1198K, committed 1280K, reserved 1048576K
}
Event: 6.341 GC heap before
{Heap before GC invocations=5 (full 0):
 PSYoungGen      total 33280K, used 33277K [0x00000000ec000000, 0x00000000ee300000, 0x0000000100000000)
  eden space 30720K, 100% used [0x00000000ec000000,0x00000000ede00000,0x00000000ede00000)
  from space 2560K, 99% used [0x00000000ee080000,0x00000000ee2ff640,0x00000000ee300000)
  to   space 2560K, 0% used [0x00000000ede00000,0x00000000ede00000,0x00000000ee080000)
 ParOldGen       total 40960K, used 1517K [0x00000000c4000000, 0x00000000c6800000, 0x00000000ec000000)
  object space 40960K, 3% used [0x00000000c4000000,0x00000000c417b648,0x00000000c6800000)
 Metaspace       used 12826K, capacity 13202K, committed 13312K, reserved 1060864K
  class space    used 1594K, capacity 1710K, committed 1792K, reserved 1048576K
Event: 6.363 GC heap after
Heap after GC invocations=5 (full 0):
 PSYoungGen      total 33280K, used 2544K [0x00000000ec000000, 0x00000000f0700000, 0x0000000100000000)
  eden space 30720K, 0% used [0x00000000ec000000,0x00000000ec000000,0x00000000ede00000)
  from space 2560K, 99% used [0x00000000ede00000,0x00000000ee07c080,0x00000000ee080000)
  to   space 5632K, 0% used [0x00000000f0180000,0x00000000f0180000,0x00000000f0700000)
 ParOldGen       total 40960K, used 3746K [0x00000000c4000000, 0x00000000c6800000, 0x00000000ec000000)
  object space 40960K, 9% used [0x00000000c4000000,0x00000000c43a88b8,0x00000000c6800000)
 Metaspace       used 12826K, capacity 13202K, committed 13312K, reserved 1060864K
  class space    used 1594K, capacity 1710K, committed 1792K, reserved 1048576K
}
Event: 8.711 GC heap before
{Heap before GC invocations=6 (full 0):
 PSYoungGen      total 33280K, used 33264K [0x00000000ec000000, 0x00000000f0700000, 0x0000000100000000)
  eden space 30720K, 100% used [0x00000000ec000000,0x00000000ede00000,0x00000000ede00000)
  from space 2560K, 99% used [0x00000000ede00000,0x00000000ee07c080,0x00000000ee080000)
  to   space 5632K, 0% used [0x00000000f0180000,0x00000000f0180000,0x00000000f0700000)
 ParOldGen       total 40960K, used 3746K [0x00000000c4000000, 0x00000000c6800000, 0x00000000ec000000)
  object space 40960K, 9% used [0x00000000c4000000,0x00000000c43a88b8,0x00000000c6800000)
 Metaspace       used 15527K, capacity 15970K, committed 16256K, reserved 1062912K
  class space    used 1984K, capacity 2118K, committed 2176K, reserved 1048576K
Event: 8.733 GC heap after
Heap after GC invocations=6 (full 0):
 PSYoungGen      total 66048K, used 5548K [0x00000000ec000000, 0x00000000f0900000, 0x0000000100000000)
  eden space 60416K, 0% used [0x00000000ec000000,0x00000000ec000000,0x00000000efb00000)
  from space 5632K, 98% used [0x00000000f0180000,0x00000000f06eb288,0x00000000f0700000)
  to   space 6656K, 0% used [0x00000000efb00000,0x00000000efb00000,0x00000000f0180000)
 ParOldGen       total 40960K, used 3754K [0x00000000c4000000, 0x00000000c6800000, 0x00000000ec000000)
  object space 40960K, 9% used [0x00000000c4000000,0x00000000c43aa8b8,0x00000000c6800000)
 Metaspace       used 15527K, capacity 15970K, committed 16256K, reserved 1062912K
  class space    used 1984K, capacity 2118K, committed 2176K, reserved 1048576K
}
Event: 10.956 GC heap before
{Heap before GC invocations=7 (full 0):
 PSYoungGen      total 66048K, used 47379K [0x00000000ec000000, 0x00000000f0900000, 0x0000000100000000)
  eden space 60416K, 69% used [0x00000000ec000000,0x00000000ee8d9d48,0x00000000efb00000)
  from space 5632K, 98% used [0x00000000f0180000,0x00000000f06eb288,0x00000000f0700000)
  to   space 6656K, 0% used [0x00000000efb00000,0x00000000efb00000,0x00000000f0180000)
 ParOldGen       total 40960K, used 3754K [0x00000000c4000000, 0x00000000c6800000, 0x00000000ec000000)
  object space 40960K, 9% used [0x00000000c4000000,0x00000000c43aa8b8,0x00000000c6800000)
 Metaspace       used 20653K, capacity 21150K, committed 21248K, reserved 1067008K
  class space    used 2572K, capacity 2718K, committed 2816K, reserved 1048576K

Deoptimization events (10 events):
Event: 3.773 Thread 0x00007f898c002800 Uncommon trap: reason=class_check action=maybe_recompile pc=0x00007f89c47974c8 method=sun.misc.URLClassPath.getLoader(I)Lsun/misc/URLClassPath$Loader; @ 94
Event: 3.945 Thread 0x00007f898c002800 Uncommon trap: reason=unstable_if action=reinterpret pc=0x00007f89c4764f38 method=java.lang.String.indexOf([CII[CIII)I @ 3
Event: 4.221 Thread 0x00007f8990012800 Uncommon trap: reason=range_check action=make_not_entrant pc=0x00007f89c485e440 method=sun.reflect.generics.parser.SignatureParser.current()C @ 34
Event: 4.956 Thread 0x00007f8990012800 Uncommon trap: reason=unstable_if action=reinterpret pc=0x00007f89c485ff58 method=java.util.HashMap.getNode(ILjava/lang/Object;)Ljava/util/HashMap$Node; @ 129
Event: 5.298 Thread 0x00007f8990012800 Uncommon trap: reason=unstable_if action=reinterpret pc=0x00007f89c484d3f4 method=sun.net.www.ParseUtil.encodePath(Ljava/lang/String;Z)Ljava/lang/String; @ 109
Event: 7.366 Thread 0x00007f8990012800 Uncommon trap: reason=unstable_if action=reinterpret pc=0x00007f89c49a9afc method=java.util.concurrent.ConcurrentHashMap.addCount(JI)V @ 168
Event: 8.042 Thread 0x00007f8990012800 Uncommon trap: reason=bimorphic action=maybe_recompile pc=0x00007f89c494352c method=java.util.HashMap.putVal(ILjava/lang/Object;Ljava/lang/Object;ZZ)Ljava/lang/Object; @ 203
Event: 8.065 Thread 0x00007f8990012800 Uncommon trap: reason=bimorphic action=maybe_recompile pc=0x00007f89c494352c method=java.util.HashMap.putVal(ILjava/lang/Object;Ljava/lang/Object;ZZ)Ljava/lang/Object; @ 203
Event: 8.072 Thread 0x00007f8990012800 Uncommon trap: reason=bimorphic action=maybe_recompile pc=0x00007f89c494352c method=java.util.HashMap.putVal(ILjava/lang/Object;Ljava/lang/Object;ZZ)Ljava/lang/Object; @ 203
Event: 9.807 Thread 0x00007f898c002800 Uncommon trap: reason=bimorphic action=maybe_recompile pc=0x00007f89c494352c method=java.util.HashMap.putVal(ILjava/lang/Object;Ljava/lang/Object;ZZ)Ljava/lang/Object; @ 203

Classes redefined (0 events):
No events

Internal exceptions (10 events):
Event: 9.354 Thread 0x00007f898c002800 Exception <a 'java/lang/ClassNotFoundException': org/springframework/context/annotation/ConfigurationClassPostProcessorCustomizer> (0x00000000ed1ba3c0) thrown at [/build/openjdk-8-OdO8jS/openjdk-8-8u162-b12/src/hotspot/src/share/vm/classfile/systemDiction
Event: 9.391 Thread 0x00007f898c002800 Exception <a 'java/lang/ClassNotFoundException': org/springframework/beans/factory/support/BeanDefinitionRegistryPostProcessorCustomizer> (0x00000000ed216cc8) thrown at [/build/openjdk-8-OdO8jS/openjdk-8-8u162-b12/src/hotspot/src/share/vm/classfile/system
Event: 9.392 Thread 0x00007f898c002800 Exception <a 'java/lang/ClassNotFoundException': org/springframework/core/PriorityOrderedCustomizer> (0x00000000ed22def8) thrown at [/build/openjdk-8-OdO8jS/openjdk-8-8u162-b12/src/hotspot/src/share/vm/classfile/systemDictionary.cpp, line 210]
Event: 9.393 Thread 0x00007f898c002800 Exception <a 'java/lang/ClassNotFoundException': org/springframework/context/ResourceLoaderAwareCustomizer> (0x00000000ed309018) thrown at [/build/openjdk-8-OdO8jS/openjdk-8-8u162-b12/src/hotspot/src/share/vm/classfile/systemDictionary.cpp, line 210]
Event: 9.394 Thread 0x00007f898c002800 Exception <a 'java/lang/ClassNotFoundException': org/springframework/beans/factory/BeanClassLoaderAwareCustomizer> (0x00000000ed3249b0) thrown at [/build/openjdk-8-OdO8jS/openjdk-8-8u162-b12/src/hotspot/src/share/vm/classfile/systemDictionary.cpp, line 21
Event: 9.395 Thread 0x00007f898c002800 Exception <a 'java/lang/ClassNotFoundException': org/springframework/context/EnvironmentAwareCustomizer> (0x00000000ed33d460) thrown at [/build/openjdk-8-OdO8jS/openjdk-8-8u162-b12/src/hotspot/src/share/vm/classfile/systemDictionary.cpp, line 210]
Event: 9.449 Thread 0x00007f898c002800 Exception <a 'java/lang/NoClassDefFoundError': org/reactivestreams/Publisher> (0x00000000ed53a6f0) thrown at [/build/openjdk-8-OdO8jS/openjdk-8-8u162-b12/src/hotspot/src/share/vm/classfile/systemDictionary.cpp, line 199]
Event: 9.452 Thread 0x00007f898c002800 Exception <a 'java/lang/NoClassDefFoundError': rx/Observable> (0x00000000ed547630) thrown at [/build/openjdk-8-OdO8jS/openjdk-8-8u162-b12/src/hotspot/src/share/vm/classfile/systemDictionary.cpp, line 199]
Event: 9.456 Thread 0x00007f898c002800 Exception <a 'java/lang/NoClassDefFoundError': org/reactivestreams/Publisher> (0x00000000ed556f30) thrown at [/build/openjdk-8-OdO8jS/openjdk-8-8u162-b12/src/hotspot/src/share/vm/classfile/systemDictionary.cpp, line 199]
Event: 9.880 Thread 0x00007f8990012800 Exception <a 'java/lang/IncompatibleClassChangeError': Found class java.lang.Object, but interface was expected> (0x00000000ee1804b0) thrown at [/build/openjdk-8-OdO8jS/openjdk-8-8u162-b12/src/hotspot/src/share/vm/interpreter/linkResolver.cpp, line 653]

Events (10 events):
Event: 10.947 loading class java/io/EOFException done
Event: 10.947 loading class com/sun/org/apache/xerces/internal/impl/XMLEntityScanner$1 done
Event: 10.952 Executing VM operation: Deoptimize
Event: 10.953 Executing VM operation: Deoptimize done
Event: 10.953 loading class com/sun/org/apache/xerces/internal/impl/XMLErrorReporter
Event: 10.954 loading class com/sun/org/apache/xerces/internal/impl/XMLErrorReporter done
Event: 10.954 loading class com/sun/org/apache/xerces/internal/impl/XMLNSDocumentScannerImpl
Event: 10.954 loading class com/sun/org/apache/xerces/internal/impl/XMLDocumentScannerImpl
Event: 10.955 loading class com/sun/org/apache/xerces/internal/impl/XMLDocumentFragmentScannerImpl
Event: 10.956 Executing VM operation: CollectForMetadataAllocation


Dynamic libraries:
00400000-00401000 r-xp 00000000 08:02 2628233                            /usr/lib/jvm/java-8-openjdk-amd64/jre/bin/java
00600000-00601000 r--p 00000000 08:02 2628233                            /usr/lib/jvm/java-8-openjdk-amd64/jre/bin/java
00601000-00602000 rw-p 00001000 08:02 2628233                            /usr/lib/jvm/java-8-openjdk-amd64/jre/bin/java
00b8f000-00bb0000 rw-p 00000000 00:00 0                                  [heap]
c4000000-c6800000 rw-p 00000000 00:00 0 
c6800000-ec000000 ---p 00000000 00:00 0 
ec000000-f0900000 rw-p 00000000 00:00 0 
f4700000-100000000 ---p 00000000 00:00 0 
100000000-1002c0000 rw-p 00000000 00:00 0 
1002c0000-140000000 ---p 00000000 00:00 0 
7f8984000000-7f89842a8000 rw-p 00000000 00:00 0 
7f89842a8000-7f8988000000 ---p 00000000 00:00 0 
7f8988fff000-7f898c000000 rw-p 00000000 00:00 0 
7f898c000000-7f898c021000 rw-p 00000000 00:00 0 
7f898c021000-7f8990000000 ---p 00000000 00:00 0 
7f8990000000-7f89901f1000 rw-p 00000000 00:00 0 
7f89901f1000-7f8994000000 ---p 00000000 00:00 0 
7f8994000000-7f8994021000 rw-p 00000000 00:00 0 
7f8994021000-7f8998000000 ---p 00000000 00:00 0 
7f8998000000-7f8998021000 rw-p 00000000 00:00 0 
7f8998021000-7f899c000000 ---p 00000000 00:00 0 
7f899c000000-7f899c5f4000 rw-p 00000000 00:00 0 
7f899c5f4000-7f89a0000000 ---p 00000000 00:00 0 
7f89a0000000-7f89a0347000 rw-p 00000000 00:00 0 
7f89a0347000-7f89a4000000 ---p 00000000 00:00 0 
7f89a4000000-7f89a4021000 rw-p 00000000 00:00 0 
7f89a4021000-7f89a8000000 ---p 00000000 00:00 0 
7f89a8000000-7f89a8021000 rw-p 00000000 00:00 0 
7f89a8021000-7f89ac000000 ---p 00000000 00:00 0 
7f89ac000000-7f89ac021000 rw-p 00000000 00:00 0 
7f89ac021000-7f89b0000000 ---p 00000000 00:00 0 
7f89b0000000-7f89b0021000 rw-p 00000000 00:00 0 
7f89b0021000-7f89b4000000 ---p 00000000 00:00 0 
7f89b4000000-7f89b4021000 rw-p 00000000 00:00 0 
7f89b4021000-7f89b8000000 ---p 00000000 00:00 0 
7f89b94f4000-7f89b9cf4000 rw-p 00000000 00:00 0 
7f89baeca000-7f89bb0ca000 rw-p 00000000 00:00 0 
7f89bb0ca000-7f89bb2ca000 rw-p 00000000 00:00 0 
7f89bb2ca000-7f89bb4ca000 rw-p 00000000 00:00 0 
7f89bb4ca000-7f89bb4d3000 r-xp 00000000 08:02 2628214                    /usr/lib/jvm/java-8-openjdk-amd64/jre/lib/amd64/libmanagement.so
7f89bb4d3000-7f89bb6d2000 ---p 00009000 08:02 2628214                    /usr/lib/jvm/java-8-openjdk-amd64/jre/lib/amd64/libmanagement.so
7f89bb6d2000-7f89bb6d3000 r--p 00008000 08:02 2628214                    /usr/lib/jvm/java-8-openjdk-amd64/jre/lib/amd64/libmanagement.so
7f89bb6d3000-7f89bb6d4000 rw-p 00009000 08:02 2628214                    /usr/lib/jvm/java-8-openjdk-amd64/jre/lib/amd64/libmanagement.so
7f89bb6d4000-7f89bb8d4000 rw-p 00000000 00:00 0 
7f89bb8d4000-7f89bb8ea000 r-xp 00000000 08:02 2628206                    /usr/lib/jvm/java-8-openjdk-amd64/jre/lib/amd64/libnet.so
7f89bb8ea000-7f89bbaea000 ---p 00016000 08:02 2628206                    /usr/lib/jvm/java-8-openjdk-amd64/jre/lib/amd64/libnet.so
7f89bbaea000-7f89bbaeb000 r--p 00016000 08:02 2628206                    /usr/lib/jvm/java-8-openjdk-amd64/jre/lib/amd64/libnet.so
7f89bbaeb000-7f89bbaec000 rw-p 00017000 08:02 2628206                    /usr/lib/jvm/java-8-openjdk-amd64/jre/lib/amd64/libnet.so
7f89bbaec000-7f89bbafd000 r-xp 00000000 08:02 2628211                    /usr/lib/jvm/java-8-openjdk-amd64/jre/lib/amd64/libnio.so
7f89bbafd000-7f89bbcfd000 ---p 00011000 08:02 2628211                    /usr/lib/jvm/java-8-openjdk-amd64/jre/lib/amd64/libnio.so
7f89bbcfd000-7f89bbcfe000 r--p 00011000 08:02 2628211                    /usr/lib/jvm/java-8-openjdk-amd64/jre/lib/amd64/libnio.so
7f89bbcfe000-7f89bbcff000 rw-p 00012000 08:02 2628211                    /usr/lib/jvm/java-8-openjdk-amd64/jre/lib/amd64/libnio.so
7f89bbcff000-7f89bbeff000 rw-p 00000000 00:00 0 
7f89bbeff000-7f89bbf02000 ---p 00000000 00:00 0 
7f89bbf02000-7f89bc000000 rw-p 00000000 00:00 0 
7f89bc000000-7f89bc021000 rw-p 00000000 00:00 0 
7f89bc021000-7f89c0000000 ---p 00000000 00:00 0 
7f89c0079000-7f89c007c000 ---p 00000000 00:00 0 
7f89c007c000-7f89c017a000 rw-p 00000000 00:00 0 
7f89c017a000-7f89c017d000 ---p 00000000 00:00 0 
7f89c017d000-7f89c027b000 rw-p 00000000 00:00 0 
7f89c027b000-7f89c027c000 r--s 00000000 08:02 1055770                    /home/denis/.m2/repository/org/jetbrains/kotlin/kotlin-stdlib-jdk7/1.2.40-eap-16/kotlin-stdlib-jdk7-1.2.40-eap-16.jar
7f89c027c000-7f89c027e000 r--s 00002000 08:02 1055766                    /home/denis/.m2/repository/org/jetbrains/kotlin/kotlin-stdlib-jdk8/1.2.40-eap-16/kotlin-stdlib-jdk8-1.2.40-eap-16.jar
7f89c027e000-7f89c0280000 r--s 0000e000 08:02 917577                     /home/denis/.m2/repository/javax/activation/activation/1.1/activation-1.1.jar
7f89c0280000-7f89c0288000 r--s 00098000 08:02 926150                     /home/denis/.m2/repository/com/sun/mail/javax.mail/1.6.1/javax.mail-1.6.1.jar
7f89c0288000-7f89c028d000 r--s 00026000 08:02 926131                     /home/denis/.m2/repository/org/springframework/spring-context-support/5.0.4.RELEASE/spring-context-support-5.0.4.RELEASE.jar
7f89c028d000-7f89c02a7000 r--s 000ee000 08:02 919180                     /home/denis/.m2/repository/org/springframework/spring-context/5.0.4.RELEASE/spring-context-5.0.4.RELEASE.jar
7f89c02a7000-7f89c02a8000 r--s 00000000 08:02 917571                     /home/denis/.m2/repository/org/springframework/boot/spring-boot-starter-mail/1.4.3.RELEASE/spring-boot-starter-mail-1.4.3.RELEASE.jar
7f89c02a8000-7f89c02b6000 r--s 0006b000 08:02 920708                     /home/denis/.m2/repository/org/springframework/security/spring-security-web/5.0.3.RELEASE/spring-security-web-5.0.3.RELEASE.jar
7f89c02b6000-7f89c02c3000 r--s 0005b000 08:02 920706                     /home/denis/.m2/repository/org/springframework/security/spring-security-core/5.0.3.RELEASE/spring-security-core-5.0.3.RELEASE.jar
7f89c02c3000-7f89c02ce000 r--s 0009e000 08:02 920704                     /home/denis/.m2/repository/org/springframework/security/spring-security-config/5.0.3.RELEASE/spring-security-config-5.0.3.RELEASE.jar
7f89c02ce000-7f89c02d7000 r--s 0004f000 08:02 919188                     /home/denis/.m2/repository/org/springframework/spring-aop/5.0.4.RELEASE/spring-aop-5.0.4.RELEASE.jar
7f89c02d7000-7f89c02d8000 r--s 00000000 08:02 659654                     /home/denis/.m2/repository/org/springframework/boot/spring-boot-starter-security/2.0.0.RELEASE/spring-boot-starter-security-2.0.0.RELEASE.jar
7f89c02d8000-7f89c02dd000 r--s 0003a000 08:02 920682                     /home/denis/.m2/repository/org/apache/tomcat/embed/tomcat-embed-websocket/8.5.28/tomcat-embed-websocket-8.5.28.jar
7f89c02dd000-7f89c02e1000 r--s 00037000 08:02 920670                     /home/denis/.m2/repository/org/apache/tomcat/embed/tomcat-embed-el/8.5.28/tomcat-embed-el-8.5.28.jar
7f89c02e1000-7f89c030b000 r--s 002ce000 08:02 920658                     /home/denis/.m2/repository/org/apache/tomcat/embed/tomcat-embed-core/8.5.28/tomcat-embed-core-8.5.28.jar
7f89c030b000-7f89c030c000 r--s 00000000 08:02 920630                     /home/denis/.m2/repository/org/springframework/boot/spring-boot-starter-tomcat/2.0.0.RELEASE/spring-boot-starter-tomcat-2.0.0.RELEASE.jar
7f89c030c000-7f89c0311000 r--s 0003c000 08:02 919195                     /home/denis/.m2/repository/org/springframework/spring-expression/5.0.4.RELEASE/spring-expression-5.0.4.RELEASE.jar
7f89c0311000-7f89c0320000 r--s 000b0000 08:02 920626                     /home/denis/.m2/repository/org/springframework/spring-webmvc/5.0.4.RELEASE/spring-webmvc-5.0.4.RELEASE.jar
7f89c0320000-7f89c033a000 r--s 00116000 08:02 920616                     /home/denis/.m2/repository/org/springframework/spring-web/5.0.4.RELEASE/spring-web-5.0.4.RELEASE.jar
7f89c033a000-7f89c033f000 r--s 00012000 08:02 920653                     /home/denis/.m2/repository/javax/validation/validation-api/2.0.1.Final/validation-api-2.0.1.Final.jar
7f89c033f000-7f89c035b000 r--s 000f5000 08:02 920676                     /home/denis/.m2/repository/org/hibernate/validator/hibernate-validator/6.0.7.Final/hibernate-validator-6.0.7.Final.jar
7f89c035b000-7f89c035d000 r--s 00001000 08:02 659750                     /home/denis/.m2/repository/com/fasterxml/jackson/module/jackson-module-parameter-names/2.9.4/jackson-module-parameter-names-2.9.4.jar
7f89c035d000-7f89c035f000 r--s 00016000 08:02 659748                     /home/denis/.m2/repository/com/fasterxml/jackson/datatype/jackson-datatype-jsr310/2.9.4/jackson-datatype-jsr310-2.9.4.jar
7f89c035f000-7f89c0361000 r--s 00007000 08:02 659746                     /home/denis/.m2/repository/com/fasterxml/jackson/datatype/jackson-datatype-jdk8/2.9.4/jackson-datatype-jdk8-2.9.4.jar
7f89c0361000-7f89c0365000 r--s 0004b000 08:02 920678                     /home/denis/.m2/repository/com/fasterxml/jackson/core/jackson-core/2.9.4/jackson-core-2.9.4.jar
7f89c0365000-7f89c0368000 r--s 0000e000 08:02 920672                     /home/denis/.m2/repository/com/fasterxml/jackson/core/jackson-annotations/2.9.0/jackson-annotations-2.9.0.jar
7f89c0368000-7f89c037b000 r--s 00136000 08:02 920674                     /home/denis/.m2/repository/com/fasterxml/jackson/core/jackson-databind/2.9.4/jackson-databind-2.9.4.jar
7f89c037b000-7f89c037c000 r--s 00000000 08:02 659737                     /home/denis/.m2/repository/org/springframework/boot/spring-boot-starter-json/2.0.0.RELEASE/spring-boot-starter-json-2.0.0.RELEASE.jar
7f89c037c000-7f89c037d000 r--s 00000000 08:02 920601                     /home/denis/.m2/repository/org/springframework/boot/spring-boot-starter-web/2.0.0.RELEASE/spring-boot-starter-web-2.0.0.RELEASE.jar
7f89c037d000-7f89c039d000 r--s 000f8000 08:02 919204                     /home/denis/.m2/repository/org/springframework/boot/spring-boot-autoconfigure/2.0.0.RELEASE/spring-boot-autoconfigure-2.0.0.RELEASE.jar
7f89c039d000-7f89c03a7000 r--s 000eb000 08:02 787302                     /home/denis/.m2/repository/mysql/mysql-connector-java/5.1.45/mysql-connector-java-5.1.45.jar
7f89c03a7000-7f89c03ad000 r--s 0002d000 08:02 920600                     /home/denis/.m2/repository/org/springframework/boot/spring-boot-devtools/2.0.0.RELEASE/spring-boot-devtools-2.0.0.RELEASE.jar
7f89c03ad000-7f89c03ae000 r--s 00009000 08:02 920664                     /home/denis/.m2/repository/org/thymeleaf/extras/thymeleaf-extras-java8time/3.0.1.RELEASE/thymeleaf-extras-java8time-3.0.1.RELEASE.jar
7f89c03ae000-7f89c03b1000 r--s 00026000 08:02 920662                     /home/denis/.m2/repository/org/unbescape/unbescape/1.1.5.RELEASE/unbescape-1.1.5.RELEASE.jar
7f89c03b1000-7f89c03b5000 r--s 00035000 08:02 920655                     /home/denis/.m2/repository/org/attoparser/attoparser/2.0.4.RELEASE/attoparser-2.0.4.RELEASE.jar
7f89c03b5000-7f89c03c5000 r--s 000c5000 08:02 920660                     /home/denis/.m2/repository/org/thymeleaf/thymeleaf/3.0.9.RELEASE/thymeleaf-3.0.9.RELEASE.jar
7f89c03c5000-7f89c03c9000 r--s 00027000 08:02 920656                     /home/denis/.m2/repository/org/thymeleaf/thymeleaf-spring5/3.0.9.RELEASE/thymeleaf-spring5-3.0.9.RELEASE.jar
7f89c03c9000-7f89c03ca000 r--s 00000000 08:02 920623                     /home/denis/.m2/repository/org/springframework/boot/spring-boot-starter-thymeleaf/2.0.0.RELEASE/spring-boot-starter-thymeleaf-2.0.0.RELEASE.jar
7f89c03ca000-7f89c03cd000 r--s 00008000 08:02 920610                     /home/denis/.m2/repository/org/springframework/spring-aspects/5.0.4.RELEASE/spring-aspects-5.0.4.RELEASE.jar
7f89c03cd000-7f89c03cf000 r--s 00009000 08:02 655699                     /home/denis/.m2/repository/org/slf4j/slf4j-api/1.7.25/slf4j-api-1.7.25.jar
7f89c03cf000-7f89c03db000 r--s 00094000 08:02 919192                     /home/denis/.m2/repository/org/springframework/spring-beans/5.0.4.RELEASE/spring-beans-5.0.4.RELEASE.jar
7f89c03db000-7f89c03e2000 r--s 00036000 08:02 920617                     /home/denis/.m2/repository/org/springframework/spring-tx/5.0.4.RELEASE/spring-tx-5.0.4.RELEASE.jar
7f89c03e2000-7f89c03e6000 r--s 0002a000 08:02 920593                     /home/denis/.m2/repository/org/springframework/spring-orm/5.0.4.RELEASE/spring-orm-5.0.4.RELEASE.jar
7f89c03e6000-7f89c03fd000 r--s 000ed000 08:02 920606                     /home/denis/.m2/repository/org/springframework/data/spring-data-commons/2.0.5.RELEASE/spring-data-commons-2.0.5.RELEASE.jar
7f89c03fd000-7f89c0404000 r--s 00049000 08:02 920615                     /home/denis/.m2/repository/org/springframework/data/spring-data-jpa/2.0.5.RELEASE/spring-data-jpa-2.0.5.RELEASE.jar
7f89c0404000-7f89c0406000 r--s 00006000 08:02 786877                     /home/denis/.m2/repository/javax/transaction/javax.transaction-api/1.2/javax.transaction-api-1.2.jar
7f89c0406000-7f89c0409000 r--s 00010000 08:02 786850                     /home/denis/.m2/repository/org/hibernate/common/hibernate-commons-annotations/5.0.1.Final/hibernate-commons-annotations-5.0.1.Final.jar
7f89c0409000-7f89c040e000 r--s 00048000 08:02 786838                     /home/denis/.m2/repository/dom4j/dom4j/1.6.1/dom4j-1.6.1.jar
7f89c040e000-7f89c0410000 r--s 0000e000 08:02 787320                     /home/denis/.m2/repository/com/fasterxml/classmate/1.3.4/classmate-1.3.4.jar
7f89c0410000-7f89c0413000 r--s 0002b000 08:02 920654                     /home/denis/.m2/repository/org/jboss/jandex/2.0.3.Final/jandex-2.0.3.Final.jar
7f89c0413000-7f89c0418000 r--s 00068000 08:02 658600                     /home/denis/.m2/repository/antlr/antlr/2.7.7/antlr-2.7.7.jar
7f89c0418000-7f89c0422000 r--s 000ab000 08:02 920652                     /home/denis/.m2/repository/org/javassist/javassist/3.22.0-GA/javassist-3.22.0-GA.jar
7f89c0422000-7f89c0427000 r--s 00017000 08:02 786859                     /home/denis/.m2/repository/org/hibernate/javax/persistence/hibernate-jpa-2.1-api/1.0.0.Final/hibernate-jpa-2.1-api-1.0.0.Final.jar
7f89c0427000-7f89c0429000 r--s 0000f000 08:02 920680                     /home/denis/.m2/repository/org/jboss/logging/jboss-logging/3.3.2.Final/jboss-logging-3.3.2.Final.jar
7f89c0429000-7f89c04a7000 r--s 005ec000 08:02 920648                     /home/denis/.m2/repository/org/hibernate/hibernate-core/5.2.14.Final/hibernate-core-5.2.14.Final.jar
7f89c04a7000-7f89c04b0000 r--s 00057000 08:02 920620                     /home/denis/.m2/repository/org/springframework/spring-jdbc/5.0.4.RELEASE/spring-jdbc-5.0.4.RELEASE.jar
7f89c04b0000-7f89c04b3000 r--s 00020000 08:02 659744                     /home/denis/.m2/repository/com/zaxxer/HikariCP/2.7.8/HikariCP-2.7.8.jar
7f89c04b3000-7f89c04b4000 r--s 00000000 08:02 920584                     /home/denis/.m2/repository/org/springframework/boot/spring-boot-starter-jdbc/2.0.0.RELEASE/spring-boot-starter-jdbc-2.0.0.RELEASE.jar
7f89c04b4000-7f89c04cd000 r--s 001bf000 08:02 787311                     /home/denis/.m2/repository/org/aspectj/aspectjweaver/1.8.13/aspectjweaver-1.8.13.jar
7f89c04cd000-7f89c04ce000 r--s 00000000 08:02 920596                     /home/denis/.m2/repository/org/springframework/boot/spring-boot-starter-aop/2.0.0.RELEASE/spring-boot-starter-aop-2.0.0.RELEASE.jar
7f89c04ce000-7f89c04cf000 r--s 00000000 08:02 659736                     /home/denis/.m2/repository/org/springframework/boot/spring-boot-starter-data-jpa/2.0.0.RELEASE/spring-boot-starter-data-jpa-2.0.0.RELEASE.jar
7f89c04cf000-7f89c04d1000 r--s 00003000 08:02 788194                     /home/denis/.m2/repository/org/jetbrains/annotations/13.0/annotations-13.0.jar
7f89c04d1000-7f89c04e0000 r--s 000d7000 08:02 1055768                    /home/denis/.m2/repository/org/jetbrains/kotlin/kotlin-stdlib/1.2.40-eap-16/kotlin-stdlib-1.2.40-eap-16.jar
7f89c04e0000-7f89c0514000 r--s 00245000 08:02 1055772                    /home/denis/.m2/repository/org/jetbrains/kotlin/kotlin-reflect/1.2.40-eap-16/kotlin-reflect-1.2.40-eap-16.jar
7f89c0514000-7f89c051b000 r--s 00042000 08:02 919238                     /home/denis/.m2/repository/org/yaml/snakeyaml/1.19/snakeyaml-1.19.jar
7f89c051b000-7f89c0532000 r--s 00112000 08:02 919197                     /home/denis/.m2/repository/org/springframework/spring-core/5.0.4.RELEASE/spring-core-5.0.4.RELEASE.jar
7f89c0532000-7f89c0538000 r--s 00039000 08:02 919232                     /home/denis/.m2/repository/org/apache/logging/log4j/log4j-api/2.10.0/log4j-api-2.10.0.jar
7f89c0538000-7f89c0543000 r--s 00069000 08:02 919230                     /home/denis/.m2/repository/ch/qos/logback/logback-core/1.2.3/logback-core-1.2.3.jar
7f89c0543000-7f89c0549000 r--s 00041000 08:02 919228                     /home/denis/.m2/repository/ch/qos/logback/logback-classic/1.2.3/logback-classic-1.2.3.jar
7f89c0549000-7f89c055e000 r--s 000cd000 08:02 919185                     /home/denis/.m2/repository/org/springframework/boot/spring-boot/2.0.0.RELEASE/spring-boot-2.0.0.RELEASE.jar
7f89c055e000-7f89c0579000 r--s 00394000 08:02 2628162                    /usr/lib/jvm/java-8-openjdk-amd64/jre/lib/ext/cldrdata.jar
7f89c0579000-7f89c0583000 r--s 00116000 08:02 2627408                    /usr/lib/jvm/java-8-openjdk-amd64/jre/lib/ext/localedata.jar
7f89c0583000-7f89c059e000 r--s 001d6000 08:02 2628164                    /usr/lib/jvm/java-8-openjdk-amd64/jre/lib/ext/nashorn.jar
7f89c059e000-7f89c059f000 ---p 00000000 00:00 0 
7f89c059f000-7f89c069f000 rw-p 00000000 00:00 0 
7f89c069f000-7f89c06a2000 ---p 00000000 00:00 0 
7f89c06a2000-7f89c07a0000 rw-p 00000000 00:00 0 
7f89c07a0000-7f89c07a3000 ---p 00000000 00:00 0 
7f89c07a3000-7f89c08a1000 rw-p 00000000 00:00 0 
7f89c08a1000-7f89c08a4000 ---p 00000000 00:00 0 
7f89c08a4000-7f89c09a2000 rw-p 00000000 00:00 0 
7f89c09a2000-7f89c09a5000 ---p 00000000 00:00 0 
7f89c09a5000-7f89c0aa3000 rw-p 00000000 00:00 0 
7f89c0aa3000-7f89c0eab000 r--p 00000000 08:02 2623313                    /usr/lib/locale/locale-archive
7f89c0eab000-7f89c0eae000 ---p 00000000 00:00 0 
7f89c0eae000-7f89c0fac000 rw-p 00000000 00:00 0 
7f89c0fac000-7f89c0faf000 ---p 00000000 00:00 0 
7f89c0faf000-7f89c10ad000 rw-p 00000000 00:00 0 
7f89c10ad000-7f89c10ae000 ---p 00000000 00:00 0 
7f89c10ae000-7f89c1b26000 rw-p 00000000 00:00 0 
7f89c1b26000-7f89c1cf4000 r--s 03c2c000 08:02 2628180                    /usr/lib/jvm/java-8-openjdk-amd64/jre/lib/rt.jar
7f89c1cf4000-7f89c3cd4000 rw-p 00000000 00:00 0 
7f89c3cd4000-7f89c3cd5000 ---p 00000000 00:00 0 
7f89c3cd5000-7f89c3dd5000 rw-p 00000000 00:00 0 
7f89c3dd5000-7f89c3dd6000 ---p 00000000 00:00 0 
7f89c3dd6000-7f89c3eea000 rw-p 00000000 00:00 0 
7f89c3eea000-7f89c4016000 ---p 00000000 00:00 0 
7f89c4016000-7f89c402a000 rw-p 00000000 00:00 0 
7f89c402a000-7f89c4156000 ---p 00000000 00:00 0 
7f89c4156000-7f89c417b000 rw-p 00000000 00:00 0 
7f89c417b000-7f89c41f6000 ---p 00000000 00:00 0 
7f89c41f6000-7f89c420c000 rw-p 00000000 00:00 0 
7f89c420c000-7f89c45b7000 ---p 00000000 00:00 0 
7f89c45b7000-7f89c4af7000 rwxp 00000000 00:00 0 
7f89c4af7000-7f89d35b7000 ---p 00000000 00:00 0 
7f89d35b7000-7f89d35bf000 r-xp 00000000 08:02 2628193                    /usr/lib/jvm/java-8-openjdk-amd64/jre/lib/amd64/libzip.so
7f89d35bf000-7f89d37be000 ---p 00008000 08:02 2628193                    /usr/lib/jvm/java-8-openjdk-amd64/jre/lib/amd64/libzip.so
7f89d37be000-7f89d37bf000 r--p 00007000 08:02 2628193                    /usr/lib/jvm/java-8-openjdk-amd64/jre/lib/amd64/libzip.so
7f89d37bf000-7f89d37c0000 rw-p 00008000 08:02 2628193                    /usr/lib/jvm/java-8-openjdk-amd64/jre/lib/amd64/libzip.so
7f89d37c0000-7f89d37cb000 r-xp 00000000 08:02 4718634                    /lib/x86_64-linux-gnu/libnss_files-2.23.so
7f89d37cb000-7f89d39ca000 ---p 0000b000 08:02 4718634                    /lib/x86_64-linux-gnu/libnss_files-2.23.so
7f89d39ca000-7f89d39cb000 r--p 0000a000 08:02 4718634                    /lib/x86_64-linux-gnu/libnss_files-2.23.so
7f89d39cb000-7f89d39cc000 rw-p 0000b000 08:02 4718634                    /lib/x86_64-linux-gnu/libnss_files-2.23.so
7f89d39cc000-7f89d39d2000 rw-p 00000000 00:00 0 
7f89d39d2000-7f89d39dd000 r-xp 00000000 08:02 4718638                    /lib/x86_64-linux-gnu/libnss_nis-2.23.so
7f89d39dd000-7f89d3bdc000 ---p 0000b000 08:02 4718638                    /lib/x86_64-linux-gnu/libnss_nis-2.23.so
7f89d3bdc000-7f89d3bdd000 r--p 0000a000 08:02 4718638                    /lib/x86_64-linux-gnu/libnss_nis-2.23.so
7f89d3bdd000-7f89d3bde000 rw-p 0000b000 08:02 4718638                    /lib/x86_64-linux-gnu/libnss_nis-2.23.so
7f89d3bde000-7f89d3bf4000 r-xp 00000000 08:02 4718597                    /lib/x86_64-linux-gnu/libnsl-2.23.so
7f89d3bf4000-7f89d3df3000 ---p 00016000 08:02 4718597                    /lib/x86_64-linux-gnu/libnsl-2.23.so
7f89d3df3000-7f89d3df4000 r--p 00015000 08:02 4718597                    /lib/x86_64-linux-gnu/libnsl-2.23.so
7f89d3df4000-7f89d3df5000 rw-p 00016000 08:02 4718597                    /lib/x86_64-linux-gnu/libnsl-2.23.so
7f89d3df5000-7f89d3df7000 rw-p 00000000 00:00 0 
7f89d3df7000-7f89d3dff000 r-xp 00000000 08:02 4718629                    /lib/x86_64-linux-gnu/libnss_compat-2.23.so
7f89d3dff000-7f89d3ffe000 ---p 00008000 08:02 4718629                    /lib/x86_64-linux-gnu/libnss_compat-2.23.so
7f89d3ffe000-7f89d3fff000 r--p 00007000 08:02 4718629                    /lib/x86_64-linux-gnu/libnss_compat-2.23.so
7f89d3fff000-7f89d4000000 rw-p 00008000 08:02 4718629                    /lib/x86_64-linux-gnu/libnss_compat-2.23.so
7f89d4000000-7f89d480b000 rw-p 00000000 00:00 0 
7f89d480b000-7f89d8000000 ---p 00000000 00:00 0 
7f89d8000000-7f89d8001000 r--s 00003000 08:02 919206                     /home/denis/.m2/repository/org/springframework/spring-jcl/5.0.4.RELEASE/spring-jcl-5.0.4.RELEASE.jar
7f89d8001000-7f89d8003000 r--s 00005000 08:02 919236                     /home/denis/.m2/repository/javax/annotation/javax.annotation-api/1.3.2/javax.annotation-api-1.3.2.jar
7f89d8003000-7f89d8079000 rw-p 00000000 00:00 0 
7f89d8079000-7f89d80a6000 r-xp 00000000 08:02 2628196                    /usr/lib/jvm/java-8-openjdk-amd64/jre/lib/amd64/libjava.so
7f89d80a6000-7f89d82a5000 ---p 0002d000 08:02 2628196                    /usr/lib/jvm/java-8-openjdk-amd64/jre/lib/amd64/libjava.so
7f89d82a5000-7f89d82a6000 r--p 0002c000 08:02 2628196                    /usr/lib/jvm/java-8-openjdk-amd64/jre/lib/amd64/libjava.so
7f89d82a6000-7f89d82a8000 rw-p 0002d000 08:02 2628196                    /usr/lib/jvm/java-8-openjdk-amd64/jre/lib/amd64/libjava.so
7f89d82a8000-7f89d82b7000 r-xp 00000000 08:02 2628205                    /usr/lib/jvm/java-8-openjdk-amd64/jre/lib/amd64/libverify.so
7f89d82b7000-7f89d84b6000 ---p 0000f000 08:02 2628205                    /usr/lib/jvm/java-8-openjdk-amd64/jre/lib/amd64/libverify.so
7f89d84b6000-7f89d84b8000 r--p 0000e000 08:02 2628205                    /usr/lib/jvm/java-8-openjdk-amd64/jre/lib/amd64/libverify.so
7f89d84b8000-7f89d84b9000 rw-p 00010000 08:02 2628205                    /usr/lib/jvm/java-8-openjdk-amd64/jre/lib/amd64/libverify.so
7f89d84b9000-7f89d84c0000 r-xp 00000000 08:02 4718639                    /lib/x86_64-linux-gnu/librt-2.23.so
7f89d84c0000-7f89d86bf000 ---p 00007000 08:02 4718639                    /lib/x86_64-linux-gnu/librt-2.23.so
7f89d86bf000-7f89d86c0000 r--p 00006000 08:02 4718639                    /lib/x86_64-linux-gnu/librt-2.23.so
7f89d86c0000-7f89d86c1000 rw-p 00007000 08:02 4718639                    /lib/x86_64-linux-gnu/librt-2.23.so
7f89d86c1000-7f89d86d7000 r-xp 00000000 08:02 4723268                    /lib/x86_64-linux-gnu/libgcc_s.so.1
7f89d86d7000-7f89d88d6000 ---p 00016000 08:02 4723268                    /lib/x86_64-linux-gnu/libgcc_s.so.1
7f89d88d6000-7f89d88d7000 rw-p 00015000 08:02 4723268                    /lib/x86_64-linux-gnu/libgcc_s.so.1
7f89d88d7000-7f89d89df000 r-xp 00000000 08:02 4718595                    /lib/x86_64-linux-gnu/libm-2.23.so
7f89d89df000-7f89d8bde000 ---p 00108000 08:02 4718595                    /lib/x86_64-linux-gnu/libm-2.23.so
7f89d8bde000-7f89d8bdf000 r--p 00107000 08:02 4718595                    /lib/x86_64-linux-gnu/libm-2.23.so
7f89d8bdf000-7f89d8be0000 rw-p 00108000 08:02 4718595                    /lib/x86_64-linux-gnu/libm-2.23.so
7f89d8be0000-7f89d8d52000 r-xp 00000000 08:02 2623059                    /usr/lib/x86_64-linux-gnu/libstdc++.so.6.0.21
7f89d8d52000-7f89d8f52000 ---p 00172000 08:02 2623059                    /usr/lib/x86_64-linux-gnu/libstdc++.so.6.0.21
7f89d8f52000-7f89d8f5c000 r--p 00172000 08:02 2623059                    /usr/lib/x86_64-linux-gnu/libstdc++.so.6.0.21
7f89d8f5c000-7f89d8f5e000 rw-p 0017c000 08:02 2623059                    /usr/lib/x86_64-linux-gnu/libstdc++.so.6.0.21
7f89d8f5e000-7f89d8f62000 rw-p 00000000 00:00 0 
7f89d8f62000-7f89d9bba000 r-xp 00000000 08:02 2628191                    /usr/lib/jvm/java-8-openjdk-amd64/jre/lib/amd64/server/libjvm.so
7f89d9bba000-7f89d9dba000 ---p 00c58000 08:02 2628191                    /usr/lib/jvm/java-8-openjdk-amd64/jre/lib/amd64/server/libjvm.so
7f89d9dba000-7f89d9e4d000 r--p 00c58000 08:02 2628191                    /usr/lib/jvm/java-8-openjdk-amd64/jre/lib/amd64/server/libjvm.so
7f89d9e4d000-7f89d9e76000 rw-p 00ceb000 08:02 2628191                    /usr/lib/jvm/java-8-openjdk-amd64/jre/lib/amd64/server/libjvm.so
7f89d9e76000-7f89d9ea6000 rw-p 00000000 00:00 0 
7f89d9ea6000-7f89d9ebe000 r-xp 00000000 08:02 4718609                    /lib/x86_64-linux-gnu/libpthread-2.23.so
7f89d9ebe000-7f89da0bd000 ---p 00018000 08:02 4718609                    /lib/x86_64-linux-gnu/libpthread-2.23.so
7f89da0bd000-7f89da0be000 r--p 00017000 08:02 4718609                    /lib/x86_64-linux-gnu/libpthread-2.23.so
7f89da0be000-7f89da0bf000 rw-p 00018000 08:02 4718609                    /lib/x86_64-linux-gnu/libpthread-2.23.so
7f89da0bf000-7f89da0c3000 rw-p 00000000 00:00 0 
7f89da0c3000-7f89da0c6000 r-xp 00000000 08:02 4718623                    /lib/x86_64-linux-gnu/libdl-2.23.so
7f89da0c6000-7f89da2c5000 ---p 00003000 08:02 4718623                    /lib/x86_64-linux-gnu/libdl-2.23.so
7f89da2c5000-7f89da2c6000 r--p 00002000 08:02 4718623                    /lib/x86_64-linux-gnu/libdl-2.23.so
7f89da2c6000-7f89da2c7000 rw-p 00003000 08:02 4718623                    /lib/x86_64-linux-gnu/libdl-2.23.so
7f89da2c7000-7f89da2e0000 r-xp 00000000 08:02 4723421                    /lib/x86_64-linux-gnu/libz.so.1.2.8
7f89da2e0000-7f89da4df000 ---p 00019000 08:02 4723421                    /lib/x86_64-linux-gnu/libz.so.1.2.8
7f89da4df000-7f89da4e0000 r--p 00018000 08:02 4723421                    /lib/x86_64-linux-gnu/libz.so.1.2.8
7f89da4e0000-7f89da4e1000 rw-p 00019000 08:02 4723421                    /lib/x86_64-linux-gnu/libz.so.1.2.8
7f89da4e1000-7f89da6a1000 r-xp 00000000 08:02 4718617                    /lib/x86_64-linux-gnu/libc-2.23.so
7f89da6a1000-7f89da8a1000 ---p 001c0000 08:02 4718617                    /lib/x86_64-linux-gnu/libc-2.23.so
7f89da8a1000-7f89da8a5000 r--p 001c0000 08:02 4718617                    /lib/x86_64-linux-gnu/libc-2.23.so
7f89da8a5000-7f89da8a7000 rw-p 001c4000 08:02 4718617                    /lib/x86_64-linux-gnu/libc-2.23.so
7f89da8a7000-7f89da8ab000 rw-p 00000000 00:00 0 
7f89da8ab000-7f89da8b8000 r-xp 00000000 08:02 2628201                    /usr/lib/jvm/java-8-openjdk-amd64/jre/lib/amd64/jli/libjli.so
7f89da8b8000-7f89daab8000 ---p 0000d000 08:02 2628201                    /usr/lib/jvm/java-8-openjdk-amd64/jre/lib/amd64/jli/libjli.so
7f89daab8000-7f89daab9000 r--p 0000d000 08:02 2628201                    /usr/lib/jvm/java-8-openjdk-amd64/jre/lib/amd64/jli/libjli.so
7f89daab9000-7f89daaba000 rw-p 0000e000 08:02 2628201                    /usr/lib/jvm/java-8-openjdk-amd64/jre/lib/amd64/jli/libjli.so
7f89daaba000-7f89daae0000 r-xp 00000000 08:02 4718606                    /lib/x86_64-linux-gnu/ld-2.23.so
7f89daae0000-7f89daae2000 r--s 00000000 08:02 655686                     /home/denis/.m2/repository/org/slf4j/jul-to-slf4j/1.7.25/jul-to-slf4j-1.7.25.jar
7f89daae2000-7f89daae4000 r--s 00003000 08:02 919234                     /home/denis/.m2/repository/org/apache/logging/log4j/log4j-to-slf4j/2.10.0/log4j-to-slf4j-2.10.0.jar
7f89daae4000-7f89daae7000 r--s 0000f000 08:02 2627409                    /usr/lib/jvm/java-8-openjdk-amd64/jre/lib/ext/icedtea-sound.jar
7f89daae7000-7f89dabbf000 rw-p 00000000 00:00 0 
7f89dabbf000-7f89dabc2000 ---p 00000000 00:00 0 
7f89dabc2000-7f89dacc4000 rw-p 00000000 00:00 0 
7f89dacc4000-7f89dacc5000 r--s 00000000 08:02 919201                     /home/denis/.m2/repository/org/springframework/boot/spring-boot-starter-logging/2.0.0.RELEASE/spring-boot-starter-logging-2.0.0.RELEASE.jar
7f89dacc5000-7f89dacc6000 r--s 00000000 08:02 919208                     /home/denis/.m2/repository/org/springframework/boot/spring-boot-starter/2.0.0.RELEASE/spring-boot-starter-2.0.0.RELEASE.jar
7f89dacc6000-7f89dacc8000 r--s 00001000 08:02 2628161                    /usr/lib/jvm/java-8-openjdk-amd64/jre/lib/ext/dnsns.jar
7f89dacc8000-7f89dacc9000 r--s 0000a000 08:02 2627411                    /usr/lib/jvm/java-8-openjdk-amd64/jre/lib/ext/jaccess.jar
7f89dacc9000-7f89dacce000 r--s 0003b000 08:02 2627410                    /usr/lib/jvm/java-8-openjdk-amd64/jre/lib/ext/sunjce_provider.jar
7f89dacce000-7f89daccf000 r--s 00010000 08:02 2628163                    /usr/lib/jvm/java-8-openjdk-amd64/jre/lib/ext/zipfs.jar
7f89daccf000-7f89dacd1000 r--s 00008000 08:02 2627412                    /usr/lib/jvm/java-8-openjdk-amd64/jre/lib/ext/sunec.jar
7f89dacd1000-7f89dacd4000 r--s 00038000 08:02 2627407                    /usr/lib/jvm/java-8-openjdk-amd64/jre/lib/ext/sunpkcs11.jar
7f89dacd4000-7f89dacdc000 rw-s 00000000 08:02 3806058                    /tmp/hsperfdata_denis/5504
7f89dacdc000-7f89dacdd000 rw-p 00000000 00:00 0 
7f89dacdd000-7f89dacde000 ---p 00000000 00:00 0 
7f89dacde000-7f89dacdf000 rw-p 00000000 00:00 0 
7f89dacdf000-7f89dace0000 r--p 00025000 08:02 4718606                    /lib/x86_64-linux-gnu/ld-2.23.so
7f89dace0000-7f89dace1000 rw-p 00026000 08:02 4718606                    /lib/x86_64-linux-gnu/ld-2.23.so
7f89dace1000-7f89dace2000 rw-p 00000000 00:00 0 
7ffd8e4df000-7ffd8e502000 rw-p 00000000 00:00 0                          [stack]
7ffd8e553000-7ffd8e555000 r--p 00000000 00:00 0                          [vvar]
7ffd8e555000-7ffd8e557000 r-xp 00000000 00:00 0                          [vdso]
ffffffffff600000-ffffffffff601000 r-xp 00000000 00:00 0                  [vsyscall]

VM Arguments:
java_command: com.rentautosofia.rentacar.RentacarApplicationKt
java_class_path (initial): /home/denis/IdeaProjects/rentauto-sofia/target/classes:/home/denis/.m2/repository/org/springframework/boot/spring-boot-starter/2.0.0.RELEASE/spring-boot-starter-2.0.0.RELEASE.jar:/home/denis/.m2/repository/org/springframework/boot/spring-boot/2.0.0.RELEASE/spring-boot-2.0.0.RELEASE.jar:/home/denis/.m2/repository/org/springframework/boot/spring-boot-starter-logging/2.0.0.RELEASE/spring-boot-starter-logging-2.0.0.RELEASE.jar:/home/denis/.m2/repository/ch/qos/logback/logback-classic/1.2.3/logback-classic-1.2.3.jar:/home/denis/.m2/repository/ch/qos/logback/logback-core/1.2.3/logback-core-1.2.3.jar:/home/denis/.m2/repository/org/apache/logging/log4j/log4j-to-slf4j/2.10.0/log4j-to-slf4j-2.10.0.jar:/home/denis/.m2/repository/org/apache/logging/log4j/log4j-api/2.10.0/log4j-api-2.10.0.jar:/home/denis/.m2/repository/org/slf4j/jul-to-slf4j/1.7.25/jul-to-slf4j-1.7.25.jar:/home/denis/.m2/repository/javax/annotation/javax.annotation-api/1.3.2/javax.annotation-api-1.3.2.jar:/home/denis/.m2/repository/org/springframework/spring-core/5.0.4.RELEASE/spring-core-5.0.4.RELEASE.jar:/home/denis/.m2/repository/org/springframework/spring-jcl/5.0.4.RELEASE/spring-jcl-5.0.4.RELEASE.jar:/home/denis/.m2/repository/org/yaml/snakeyaml/1.19/snakeyaml-1.19.jar:/home/denis/.m2/repository/org/jetbrains/kotlin/kotlin-reflect/1.2.40-eap-16/kotlin-reflect-1.2.40-eap-16.jar:/home/denis/.m2/repository/org/jetbrains/kotlin/kotlin-stdlib/1.2.40-eap-16/kotlin-stdlib-1.2.40-eap-16.jar:/home/denis/.m2/repository/org/jetbrains/annotations/13.0/annotations-13.0.jar:/home/denis/.m2/repository/org/springframework/boot/spring-boot-starter-data-jpa/2.0.0.RELEASE/spring-boot-starter-data-jpa-2.0.0.RELEASE.jar:/home/denis/.m2/repository/org/springframework/boot/spring-boot-starter-aop/2.0.0.RELEASE/spring-boot-starter-aop-2.0.0.RELEASE.jar:/home/denis/.m2/repository/org/aspectj/aspectjweaver/1.8.13/aspectjweaver-1.8.13.jar:/home/denis/.m2/repository/org/springframework/boot/spring-boot-sta
Launcher Type: SUN_STANDARD

Environment Variables:
JAVA_HOME=/usr/lib/jvm/java-8-openjdk-amd64
PATH=/home/denis/bin:/home/denis/.local/bin:/usr/local/sbin:/usr/local/bin:/usr/sbin:/usr/bin:/sbin:/bin:/usr/games:/usr/local/games:/snap/bin
SHELL=/bin/bash
DISPLAY=:0

Signal Handlers:
SIGSEGV: [libjvm.so+0xa6dcc0], sa_mask[0]=11111111011111111101111111111110, sa_flags=SA_RESTART|SA_SIGINFO
SIGBUS: [libjvm.so+0xa6dcc0], sa_mask[0]=11111111011111111101111111111110, sa_flags=SA_RESTART|SA_SIGINFO
SIGFPE: [libjvm.so+0x8b5350], sa_mask[0]=11111111011111111101111111111110, sa_flags=SA_RESTART|SA_SIGINFO
SIGPIPE: [libjvm.so+0x8b5350], sa_mask[0]=11111111011111111101111111111110, sa_flags=SA_RESTART|SA_SIGINFO
SIGXFSZ: [libjvm.so+0x8b5350], sa_mask[0]=11111111011111111101111111111110, sa_flags=SA_RESTART|SA_SIGINFO
SIGILL: [libjvm.so+0x8b5350], sa_mask[0]=11111111011111111101111111111110, sa_flags=SA_RESTART|SA_SIGINFO
SIGUSR1: SIG_DFL, sa_mask[0]=00000000000000000000000000000000, sa_flags=none
SIGUSR2: [libjvm.so+0x8b5200], sa_mask[0]=00100000000000000000000000000000, sa_flags=SA_RESTART|SA_SIGINFO
SIGHUP: [libjvm.so+0x8b56d0], sa_mask[0]=11111111011111111101111111111110, sa_flags=SA_RESTART|SA_SIGINFO
SIGINT: [libjvm.so+0x8b56d0], sa_mask[0]=11111111011111111101111111111110, sa_flags=SA_RESTART|SA_SIGINFO
SIGTERM: [libjvm.so+0x8b56d0], sa_mask[0]=11111111011111111101111111111110, sa_flags=SA_RESTART|SA_SIGINFO
SIGQUIT: [libjvm.so+0x8b56d0], sa_mask[0]=11111111011111111101111111111110, sa_flags=SA_RESTART|SA_SIGINFO


---------------  S Y S T E M  ---------------

OS:DISTRIB_ID=Ubuntu
DISTRIB_RELEASE=16.04
DISTRIB_CODENAME=xenial
DISTRIB_DESCRIPTION="Ubuntu 16.04.4 LTS"

uname:Linux 4.10.0-28-generic #32~16.04.2-Ubuntu SMP Thu Jul 20 10:19:48 UTC 2017 x86_64
libc:glibc 2.23 NPTL 2.23 
rlimit: STACK 8192k, CORE 0k, NPROC 15171, NOFILE 1048576, AS infinity
load average:2.20 1.56 1.68

/proc/meminfo:
MemTotal:        3928560 kB
MemFree:          113468 kB
MemAvailable:      19068 kB
Buffers:             652 kB
Cached:           260312 kB
SwapCached:            0 kB
Active:          3390012 kB
Inactive:         246476 kB
Active(anon):    3377040 kB
Inactive(anon):   230892 kB
Active(file):      12972 kB
Inactive(file):    15584 kB
Unevictable:          48 kB
Mlocked:              48 kB
SwapTotal:             0 kB
SwapFree:              0 kB
Dirty:               224 kB
Writeback:             0 kB
AnonPages:       3375764 kB
Mapped:            52628 kB
Shmem:            232224 kB
Slab:              68912 kB
SReclaimable:      31280 kB
SUnreclaim:        37632 kB
KernelStack:       10400 kB
PageTables:        44716 kB
NFS_Unstable:          0 kB
Bounce:                0 kB
WritebackTmp:          0 kB
CommitLimit:     1964280 kB
Committed_AS:    7877088 kB
VmallocTotal:   34359738367 kB
VmallocUsed:           0 kB
VmallocChunk:          0 kB
HardwareCorrupted:     0 kB
AnonHugePages:   1306624 kB
ShmemHugePages:        0 kB
ShmemPmdMapped:        0 kB
CmaTotal:              0 kB
CmaFree:               0 kB
HugePages_Total:       0
HugePages_Free:        0
HugePages_Rsvd:        0
HugePages_Surp:        0
Hugepagesize:       2048 kB
DirectMap4k:      160512 kB
DirectMap2M:     3917824 kB


CPU:total 2 (initial active 2) (2 cores per cpu, 1 threads per core) family 6 model 55 stepping 8, cmov, cx8, fxsr, mmx, sse, sse2, sse3, ssse3, sse4.1, sse4.2, popcnt, clmul, erms, 3dnowpref, tsc, tscinvbit

/proc/cpuinfo:
processor	: 0
vendor_id	: GenuineIntel
cpu family	: 6
model		: 55
model name	: Intel(R) Celeron(R) CPU  N2840  @ 2.16GHz
stepping	: 8
microcode	: 0x809
cpu MHz		: 2239.033
cache size	: 1024 KB
physical id	: 0
siblings	: 2
core id		: 0
cpu cores	: 2
apicid		: 0
initial apicid	: 0
fpu		: yes
fpu_exception	: yes
cpuid level	: 11
wp		: yes
flags		: fpu vme de pse tsc msr pae mce cx8 apic sep mtrr pge mca cmov pat pse36 clflush dts acpi mmx fxsr sse sse2 ss ht tm pbe syscall nx rdtscp lm constant_tsc arch_perfmon pebs bts rep_good nopl xtopology tsc_reliable nonstop_tsc aperfmperf tsc_known_freq pni pclmulqdq dtes64 monitor ds_cpl vmx est tm2 ssse3 cx16 xtpr pdcm sse4_1 sse4_2 movbe popcnt tsc_deadline_timer rdrand lahf_lm 3dnowprefetch epb tpr_shadow vnmi flexpriority ept vpid tsc_adjust smep erms dtherm ida arat
bugs		:
bogomips	: 4331.60
clflush size	: 64
cache_alignment	: 64
address sizes	: 36 bits physical, 48 bits virtual
power management:

processor	: 1
vendor_id	: GenuineIntel
cpu family	: 6
model		: 55
model name	: Intel(R) Celeron(R) CPU  N2840  @ 2.16GHz
stepping	: 8
microcode	: 0x809
cpu MHz		: 2547.828
cache size	: 1024 KB
physical id	: 0
siblings	: 2
core id		: 1
cpu cores	: 2
apicid		: 2
initial apicid	: 2
fpu		: yes
fpu_exception	: yes
cpuid level	: 11
wp		: yes
flags		: fpu vme de pse tsc msr pae mce cx8 apic sep mtrr pge mca cmov pat pse36 clflush dts acpi mmx fxsr sse sse2 ss ht tm pbe syscall nx rdtscp lm constant_tsc arch_perfmon pebs bts rep_good nopl xtopology tsc_reliable nonstop_tsc aperfmperf tsc_known_freq pni pclmulqdq dtes64 monitor ds_cpl vmx est tm2 ssse3 cx16 xtpr pdcm sse4_1 sse4_2 movbe popcnt tsc_deadline_timer rdrand lahf_lm 3dnowprefetch epb tpr_shadow vnmi flexpriority ept vpid tsc_adjust smep erms dtherm ida arat
bugs		:
bogomips	: 4331.60
clflush size	: 64
cache_alignment	: 64
address sizes	: 36 bits physical, 48 bits virtual
power management:



Memory: 4k page, physical 3928560k(113468k free), swap 0k(0k free)

vm_info: OpenJDK 64-Bit Server VM (25.162-b12) for linux-amd64 JRE (1.8.0_162-8u162-b12-0ubuntu0.16.04.2-b12), built on Mar 14 2018 12:11:18 by "buildd" with gcc 5.4.0 20160609

time: Tue Apr 17 09:46:29 2018
elapsed time: 11 seconds (0d 0h 0m 11s)

