#
# There is insufficient memory for the Java Runtime Environment to continue.
# Native memory allocation (mmap) failed to map 83361792 bytes for committing reserved memory.
# Possible reasons:
#   The system is out of physical RAM or swap space
#   In 32 bit mode, the process size limit was hit
# Possible solutions:
#   Reduce memory load on the system
#   Increase physical memory or swap space
#   Check if swap backing store is full
#   Use 64 bit Java on a 64 bit OS
#   Decrease Java heap size (-Xmx/-Xms)
#   Decrease number of Java threads
#   Decrease Java thread stack sizes (-Xss)
#   Set larger code cache with -XX:ReservedCodeCacheSize=
# This output file may be truncated or incomplete.
#
#  Out of Memory Error (os_linux.cpp:2643), pid=6898, tid=0x00007f8e3c614700
#
# JRE version: OpenJDK Runtime Environment (8.0_162-b12) (build 1.8.0_162-8u162-b12-0ubuntu0.16.04.2-b12)
# Java VM: OpenJDK 64-Bit Server VM (25.162-b12 mixed mode linux-amd64 compressed oops)
# Failed to write core dump. Core dumps have been disabled. To enable core dumping, try "ulimit -c unlimited" before starting Java again
#

---------------  T H R E A D  ---------------

Current thread (0x00007f8e50103800):  VMThread [stack: 0x00007f8e3c514000,0x00007f8e3c615000] [id=6909]

Stack: [0x00007f8e3c514000,0x00007f8e3c615000],  sp=0x00007f8e3c6134a0,  free space=1021k
Native frames: (J=compiled Java code, j=interpreted, Vv=VM code, C=native code)
V  [libjvm.so+0xa6d16b]
V  [libjvm.so+0x4c698c]
V  [libjvm.so+0x8b9e18]
V  [libjvm.so+0x8b41ae]
V  [libjvm.so+0x92f596]
V  [libjvm.so+0x9308c3]
V  [libjvm.so+0x92cf8b]
V  [libjvm.so+0x925db9]
V  [libjvm.so+0x44aa33]
V  [libjvm.so+0xa6e6f9]
V  [libjvm.so+0xa73fd7]
V  [libjvm.so+0xa716d7]
V  [libjvm.so+0xa72b5f]
V  [libjvm.so+0xa73051]
V  [libjvm.so+0x8b7222]

VM_Operation (0x00007f8e2751dda0): CollectForMetadataAllocation, mode: safepoint, requested by thread 0x00007f8dfc004800


---------------  P R O C E S S  ---------------

Java Threads: ( => current thread )
  0x00000000025ae800 JavaThread "HikariPool-1 housekeeper" daemon [_thread_blocked, id=6958, stack(0x00007f8e24cec000,0x00007f8e24ded000)]
  0x000000000276f000 JavaThread "Abandoned connection cleanup thread" daemon [_thread_blocked, id=6957, stack(0x00007f8e24fed000,0x00007f8e250ee000)]
  0x0000000002734000 JavaThread "container-0" [_thread_blocked, id=6956, stack(0x00007f8e250ee000,0x00007f8e251ef000)]
  0x0000000002733800 JavaThread "ContainerBackgroundProcessor[StandardEngine[Tomcat]]" daemon [_thread_blocked, id=6955, stack(0x00007f8e25ae4000,0x00007f8e25be5000)]
  0x00007f8dfc004800 JavaThread "restartedMain" [_thread_blocked, id=6943, stack(0x00007f8e27426000,0x00007f8e27527000)]
  0x00007f8e50916800 JavaThread "Thread-0" [_thread_blocked, id=6942, stack(0x00007f8e27527000,0x00007f8e27628000)]
  0x00007f8e505a0800 JavaThread "Service Thread" daemon [_thread_blocked, id=6937, stack(0x00007f8e27729000,0x00007f8e2782a000)]
  0x00007f8e5059b800 JavaThread "C1 CompilerThread1" daemon [_thread_blocked, id=6936, stack(0x00007f8e2782a000,0x00007f8e2792b000)]
  0x00007f8e50598800 JavaThread "C2 CompilerThread0" daemon [_thread_in_native, id=6935, stack(0x00007f8e2792b000,0x00007f8e27a2c000)]
  0x00007f8e1c001000 JavaThread "JDWP Command Reader" daemon [_thread_in_native, id=6920, stack(0x00007f8e27cfd000,0x00007f8e27dfe000)]
  0x00007f8e5014b000 JavaThread "JDWP Event Helper Thread" daemon [_thread_blocked, id=6919, stack(0x00007f8e27dfe000,0x00007f8e27eff000)]
  0x00007f8e50147800 JavaThread "JDWP Transport Listener: dt_socket" daemon [_thread_blocked, id=6917, stack(0x00007f8e27eff000,0x00007f8e28000000)]
  0x00007f8e50136800 JavaThread "Signal Dispatcher" daemon [_thread_blocked, id=6915, stack(0x00007f8e3c211000,0x00007f8e3c312000)]
  0x00007f8e50110000 JavaThread "Finalizer" daemon [_thread_blocked, id=6913, stack(0x00007f8e3c312000,0x00007f8e3c413000)]
  0x00007f8e5010b800 JavaThread "Reference Handler" daemon [_thread_blocked, id=6912, stack(0x00007f8e3c413000,0x00007f8e3c514000)]
  0x00007f8e50013000 JavaThread "main" [_thread_blocked, id=6904, stack(0x00007f8e57260000,0x00007f8e57361000)]

Other Threads:
=>0x00007f8e50103800 VMThread [stack: 0x00007f8e3c514000,0x00007f8e3c615000] [id=6909]
  0x00007f8e505a3000 WatcherThread [stack: 0x00007f8e27628000,0x00007f8e27729000] [id=6938]

VM state:at safepoint (normal execution)

VM Mutex/Monitor currently owned by a thread:  ([mutex/lock_event])
[0x00007f8e5000fac0] Threads_lock - owner thread: 0x00007f8e50103800
[0x00007f8e5000ffc0] Heap_lock - owner thread: 0x00007f8dfc004800

Heap:
 PSYoungGen      total 231424K, used 12743K [0x00000000ec000000, 0x00000000fb080000, 0x0000000100000000)
  eden space 216576K, 0% used [0x00000000ec000000,0x00000000ec000000,0x00000000f9380000)
  from space 14848K, 85% used [0x00000000f9380000,0x00000000f9ff1f70,0x00000000fa200000)
  to   space 12288K, 0% used [0x00000000fa200000,0x00000000fa200000,0x00000000fae00000)
 ParOldGen       total 57344K, used 28360K [0x00000000c4000000, 0x00000000c7800000, 0x00000000ec000000)
  object space 57344K, 49% used [0x00000000c4000000,0x00000000c5bb2018,0x00000000c7800000)
 Metaspace       used 56991K, capacity 59004K, committed 59136K, reserved 1101824K
  class space    used 7224K, capacity 7614K, committed 7680K, reserved 1048576K

Card table byte_map: [0x00007f8e3fc0e000,0x00007f8e3fdef000] byte_map_base: 0x00007f8e3f5ee000

Marking Bits: (ParMarkBitMap*) 0x00007f8e5652a300
 Begin Bits: [0x00007f8e3dacc000, 0x00007f8e3e9cc000)
 End Bits:   [0x00007f8e3e9cc000, 0x00007f8e3f8cc000)

Polling page: 0x00007f8e5737e000

CodeCache: size=245760Kb used=14422Kb max_used=14422Kb free=231337Kb
 bounds [0x00007f8e401af000, 0x00007f8e40fcf000, 0x00007f8e4f1af000]
 total_blobs=5307 nmethods=4760 adapters=469
 compilation: enabled

Compilation events (10 events):
Event: 53,522 Thread 0x00007f8e5059b800 5266       2       kotlin.reflect.jvm.internal.impl.utils.SmartSet::size (5 bytes)
Event: 53,522 Thread 0x00007f8e5059b800 nmethod 5266 0x00007f8e40fc8710 code [0x00007f8e40fc8860, 0x00007f8e40fc89b0]
Event: 53,719 Thread 0x00007f8e5059b800 5267       2       java.util.regex.Pattern::expr (142 bytes)
Event: 53,721 Thread 0x00007f8e5059b800 nmethod 5267 0x00007f8e40fc8a50 code [0x00007f8e40fc8c20, 0x00007f8e40fc9308]
Event: 53,721 Thread 0x00007f8e5059b800 5268       2       java.util.regex.Pattern::newSlice (181 bytes)
Event: 53,723 Thread 0x00007f8e5059b800 nmethod 5268 0x00007f8e40fc97d0 code [0x00007f8e40fc9a00, 0x00007f8e40fca2d8]
Event: 53,778 Thread 0x00007f8e5059b800 5269       2       java.util.regex.Pattern::RemoveQEQuoting (346 bytes)
Event: 53,780 Thread 0x00007f8e5059b800 nmethod 5269 0x00007f8e40fcaa90 code [0x00007f8e40fcac60, 0x00007f8e40fcb638]
Event: 53,800 Thread 0x00007f8e5059b800 5270       2       java.lang.invoke.MemberName::equals (69 bytes)
Event: 53,802 Thread 0x00007f8e5059b800 nmethod 5270 0x00007f8e40fcbe50 code [0x00007f8e40fcc000, 0x00007f8e40fcc418]

GC Heap History (10 events):
Event: 25,598 GC heap after
Heap after GC invocations=10 (full 1):
 PSYoungGen      total 128512K, used 7677K [0x00000000ec000000, 0x00000000f7580000, 0x0000000100000000)
  eden space 120832K, 0% used [0x00000000ec000000,0x00000000ec000000,0x00000000f3600000)
  from space 7680K, 99% used [0x00000000f3600000,0x00000000f3d7f4f0,0x00000000f3d80000)
  to   space 9216K, 0% used [0x00000000f6c80000,0x00000000f6c80000,0x00000000f7580000)
 ParOldGen       total 28672K, used 7133K [0x00000000c4000000, 0x00000000c5c00000, 0x00000000ec000000)
  object space 28672K, 24% used [0x00000000c4000000,0x00000000c46f76e0,0x00000000c5c00000)
 Metaspace       used 24883K, capacity 25608K, committed 25856K, reserved 1071104K
  class space    used 3082K, capacity 3246K, committed 3328K, reserved 1048576K
}
Event: 31,605 GC heap before
{Heap before GC invocations=11 (full 1):
 PSYoungGen      total 128512K, used 128509K [0x00000000ec000000, 0x00000000f7580000, 0x0000000100000000)
  eden space 120832K, 100% used [0x00000000ec000000,0x00000000f3600000,0x00000000f3600000)
  from space 7680K, 99% used [0x00000000f3600000,0x00000000f3d7f4f0,0x00000000f3d80000)
  to   space 9216K, 0% used [0x00000000f6c80000,0x00000000f6c80000,0x00000000f7580000)
 ParOldGen       total 28672K, used 7133K [0x00000000c4000000, 0x00000000c5c00000, 0x00000000ec000000)
  object space 28672K, 24% used [0x00000000c4000000,0x00000000c46f76e0,0x00000000c5c00000)
 Metaspace       used 30303K, capacity 31344K, committed 31488K, reserved 1077248K
  class space    used 3788K, capacity 4028K, committed 4096K, reserved 1048576K
Event: 31,644 GC heap after
Heap after GC invocations=11 (full 1):
 PSYoungGen      total 173056K, used 9188K [0x00000000ec000000, 0x00000000f7900000, 0x0000000100000000)
  eden space 163840K, 0% used [0x00000000ec000000,0x00000000ec000000,0x00000000f6000000)
  from space 9216K, 99% used [0x00000000f6c80000,0x00000000f7579360,0x00000000f7580000)
  to   space 12800K, 0% used [0x00000000f6000000,0x00000000f6000000,0x00000000f6c80000)
 ParOldGen       total 28672K, used 12896K [0x00000000c4000000, 0x00000000c5c00000, 0x00000000ec000000)
  object space 28672K, 44% used [0x00000000c4000000,0x00000000c4c98320,0x00000000c5c00000)
 Metaspace       used 30303K, capacity 31344K, committed 31488K, reserved 1077248K
  class space    used 3788K, capacity 4028K, committed 4096K, reserved 1048576K
}
Event: 36,942 GC heap before
{Heap before GC invocations=12 (full 1):
 PSYoungGen      total 173056K, used 149751K [0x00000000ec000000, 0x00000000f7900000, 0x0000000100000000)
  eden space 163840K, 85% used [0x00000000ec000000,0x00000000f4944bf8,0x00000000f6000000)
  from space 9216K, 99% used [0x00000000f6c80000,0x00000000f7579360,0x00000000f7580000)
  to   space 12800K, 0% used [0x00000000f6000000,0x00000000f6000000,0x00000000f6c80000)
 ParOldGen       total 28672K, used 12896K [0x00000000c4000000, 0x00000000c5c00000, 0x00000000ec000000)
  object space 28672K, 44% used [0x00000000c4000000,0x00000000c4c98320,0x00000000c5c00000)
 Metaspace       used 33879K, capacity 35320K, committed 35496K, reserved 1081344K
  class space    used 4215K, capacity 4534K, committed 4608K, reserved 1048576K
Event: 37,014 GC heap after
Heap after GC invocations=12 (full 1):
 PSYoungGen      total 176640K, used 5780K [0x00000000ec000000, 0x00000000fae00000, 0x0000000100000000)
  eden space 163840K, 0% used [0x00000000ec000000,0x00000000ec000000,0x00000000f6000000)
  from space 12800K, 45% used [0x00000000f6000000,0x00000000f65a5358,0x00000000f6c80000)
  to   space 12288K, 0% used [0x00000000fa200000,0x00000000fa200000,0x00000000fae00000)
 ParOldGen       total 28672K, used 21913K [0x00000000c4000000, 0x00000000c5c00000, 0x00000000ec000000)
  object space 28672K, 76% used [0x00000000c4000000,0x00000000c55667d8,0x00000000c5c00000)
 Metaspace       used 33879K, capacity 35320K, committed 35496K, reserved 1081344K
  class space    used 4215K, capacity 4534K, committed 4608K, reserved 1048576K
}
Event: 37,014 GC heap before
{Heap before GC invocations=13 (full 2):
 PSYoungGen      total 176640K, used 5780K [0x00000000ec000000, 0x00000000fae00000, 0x0000000100000000)
  eden space 163840K, 0% used [0x00000000ec000000,0x00000000ec000000,0x00000000f6000000)
  from space 12800K, 45% used [0x00000000f6000000,0x00000000f65a5358,0x00000000f6c80000)
  to   space 12288K, 0% used [0x00000000fa200000,0x00000000fa200000,0x00000000fae00000)
 ParOldGen       total 28672K, used 21913K [0x00000000c4000000, 0x00000000c5c00000, 0x00000000ec000000)
  object space 28672K, 76% used [0x00000000c4000000,0x00000000c55667d8,0x00000000c5c00000)
 Metaspace       used 33879K, capacity 35320K, committed 35496K, reserved 1081344K
  class space    used 4215K, capacity 4534K, committed 4608K, reserved 1048576K
Event: 37,272 GC heap after
Heap after GC invocations=13 (full 2):
 PSYoungGen      total 176640K, used 0K [0x00000000ec000000, 0x00000000fae00000, 0x0000000100000000)
  eden space 163840K, 0% used [0x00000000ec000000,0x00000000ec000000,0x00000000f6000000)
  from space 12800K, 0% used [0x00000000f6000000,0x00000000f6000000,0x00000000f6c80000)
  to   space 12288K, 0% used [0x00000000fa200000,0x00000000fa200000,0x00000000fae00000)
 ParOldGen       total 57344K, used 20598K [0x00000000c4000000, 0x00000000c7800000, 0x00000000ec000000)
  object space 57344K, 35% used [0x00000000c4000000,0x00000000c541daa8,0x00000000c7800000)
 Metaspace       used 33879K, capacity 35320K, committed 35496K, reserved 1081344K
  class space    used 4215K, capacity 4534K, committed 4608K, reserved 1048576K
}
Event: 45,348 GC heap before
{Heap before GC invocations=14 (full 2):
 PSYoungGen      total 176640K, used 163840K [0x00000000ec000000, 0x00000000fae00000, 0x0000000100000000)
  eden space 163840K, 100% used [0x00000000ec000000,0x00000000f6000000,0x00000000f6000000)
  from space 12800K, 0% used [0x00000000f6000000,0x00000000f6000000,0x00000000f6c80000)
  to   space 12288K, 0% used [0x00000000fa200000,0x00000000fa200000,0x00000000fae00000)
 ParOldGen       total 57344K, used 20598K [0x00000000c4000000, 0x00000000c7800000, 0x00000000ec000000)
  object space 57344K, 35% used [0x00000000c4000000,0x00000000c541daa8,0x00000000c7800000)
 Metaspace       used 47518K, capacity 49162K, committed 49536K, reserved 1091584K
  class space    used 6051K, capacity 6407K, committed 6528K, reserved 1048576K
Event: 45,392 GC heap after
Heap after GC invocations=14 (full 2):
 PSYoungGen      total 228864K, used 12278K [0x00000000ec000000, 0x00000000fb080000, 0x0000000100000000)
  eden space 216576K, 0% used [0x00000000ec000000,0x00000000ec000000,0x00000000f9380000)
  from space 12288K, 99% used [0x00000000fa200000,0x00000000fadfdb18,0x00000000fae00000)
  to   space 14848K, 0% used [0x00000000f9380000,0x00000000f9380000,0x00000000fa200000)
 ParOldGen       total 57344K, used 23187K [0x00000000c4000000, 0x00000000c7800000, 0x00000000ec000000)
  object space 57344K, 40% used [0x00000000c4000000,0x00000000c56a4ec8,0x00000000c7800000)
 Metaspace       used 47518K, capacity 49162K, committed 49536K, reserved 1091584K
  class space    used 6051K, capacity 6407K, committed 6528K, reserved 1048576K
}
Event: 54,788 GC heap before
{Heap before GC invocations=15 (full 2):
 PSYoungGen      total 228864K, used 153851K [0x00000000ec000000, 0x00000000fb080000, 0x0000000100000000)
  eden space 216576K, 65% used [0x00000000ec000000,0x00000000f4a41228,0x00000000f9380000)
  from space 12288K, 99% used [0x00000000fa200000,0x00000000fadfdb18,0x00000000fae00000)
  to   space 14848K, 0% used [0x00000000f9380000,0x00000000f9380000,0x00000000fa200000)
 ParOldGen       total 57344K, used 23187K [0x00000000c4000000, 0x00000000c7800000, 0x00000000ec000000)
  object space 57344K, 40% used [0x00000000c4000000,0x00000000c56a4ec8,0x00000000c7800000)
 Metaspace       used 56991K, capacity 59004K, committed 59136K, reserved 1101824K
  class space    used 7224K, capacity 7614K, committed 7680K, reserved 1048576K

Deoptimization events (10 events):
Event: 47,967 Thread 0x00007f8dfc004800 Uncommon trap: reason=unstable_if action=reinterpret pc=0x00007f8e4051a460 method=java.lang.String.lastIndexOf([CII[CIII)I @ 17
Event: 49,947 Thread 0x00007f8dfc004800 Uncommon trap: reason=unstable_if action=reinterpret pc=0x00007f8e40545478 method=java.util.concurrent.ConcurrentHashMap.putVal(Ljava/lang/Object;Ljava/lang/Object;Z)Ljava/lang/Object; @ 331
Event: 50,248 Thread 0x00007f8dfc004800 Uncommon trap: reason=bimorphic action=maybe_recompile pc=0x00007f8e40ebbf74 method=org.springframework.core.annotation.AnnotatedElementUtils.searchWithFindSemantics(Ljava/lang/reflect/AnnotatedElement;Ljava/lang/Class;Ljava/lang/String;Ljava/lang/Class;L
Event: 50,250 Thread 0x00007f8dfc004800 Uncommon trap: reason=bimorphic action=maybe_recompile pc=0x00007f8e40ebbf74 method=org.springframework.core.annotation.AnnotatedElementUtils.searchWithFindSemantics(Ljava/lang/reflect/AnnotatedElement;Ljava/lang/Class;Ljava/lang/String;Ljava/lang/Class;L
Event: 50,250 Thread 0x00007f8dfc004800 Uncommon trap: reason=bimorphic action=maybe_recompile pc=0x00007f8e40ebbf74 method=org.springframework.core.annotation.AnnotatedElementUtils.searchWithFindSemantics(Ljava/lang/reflect/AnnotatedElement;Ljava/lang/Class;Ljava/lang/String;Ljava/lang/Class;L
Event: 50,252 Thread 0x00007f8dfc004800 Uncommon trap: reason=null_check action=make_not_entrant pc=0x00007f8e40ec3858 method=org.springframework.core.annotation.AnnotatedElementUtils.searchWithFindSemantics(Ljava/lang/reflect/AnnotatedElement;Ljava/lang/Class;Ljava/lang/String;Ljava/lang/Class
Event: 51,312 Thread 0x00007f8dfc004800 Uncommon trap: reason=unstable_if action=reinterpret pc=0x00007f8e402f08d0 method=sun.misc.Launcher$AppClassLoader.loadClass(Ljava/lang/String;Z)Ljava/lang/Class; @ 9
Event: 51,397 Thread 0x00007f8dfc004800 Uncommon trap: reason=unstable_if action=reinterpret pc=0x00007f8e40a1903c method=org.springframework.util.ConcurrentReferenceHashMap$Segment.findInChain(Lorg/springframework/util/ConcurrentReferenceHashMap$Reference;Ljava/lang/Object;I)Lorg/springframewo
Event: 51,726 Thread 0x00007f8dfc004800 Uncommon trap: reason=unstable_if action=reinterpret pc=0x00007f8e40e0178c method=java.util.concurrent.ConcurrentHashMap.get(Ljava/lang/Object;)Ljava/lang/Object; @ 86
Event: 53,804 Thread 0x00007f8dfc004800 Uncommon trap: reason=bimorphic action=maybe_recompile pc=0x00007f8e409dc5b0 method=java.util.regex.Matcher.match(II)Z @ 86

Classes redefined (0 events):
No events

Internal exceptions (10 events):
Event: 50,457 Thread 0x00007f8dfc004800 Exception <a 'java/lang/ClassNotFoundException': java/lang/ObjectCustomizer> (0x00000000f1f8f0e0) thrown at [/build/openjdk-8-OdO8jS/openjdk-8-8u162-b12/src/hotspot/src/share/vm/classfile/systemDictionary.cpp, line 210]
Event: 50,459 Thread 0x00007f8dfc004800 Exception <a 'java/lang/ClassNotFoundException': com/rentautosofia/rentacar/entity/BaseBookingCustomizer> (0x00000000f1fafa80) thrown at [/build/openjdk-8-OdO8jS/openjdk-8-8u162-b12/src/hotspot/src/share/vm/classfile/systemDictionary.cpp, line 210]
Event: 50,518 Thread 0x00007f8dfc004800 Exception <a 'java/lang/ClassNotFoundException': java/lang/ObjectCustomizer> (0x00000000f2079c30) thrown at [/build/openjdk-8-OdO8jS/openjdk-8-8u162-b12/src/hotspot/src/share/vm/classfile/systemDictionary.cpp, line 210]
Event: 50,521 Thread 0x00007f8dfc004800 Exception <a 'java/lang/ClassNotFoundException': com/rentautosofia/rentacar/entity/CarCustomizer> (0x00000000f2097a80) thrown at [/build/openjdk-8-OdO8jS/openjdk-8-8u162-b12/src/hotspot/src/share/vm/classfile/systemDictionary.cpp, line 210]
Event: 51,305 Thread 0x00007f8dfc004800 Exception <a 'java/lang/NoSuchMethodError': java.lang.Object.lambda$direct$0(Lorg/springframework/data/repository/core/support/MethodLookup$InvokedMethod;Ljava/lang/reflect/Method;)Z> (0x00000000f29d04d8) thrown at [/build/openjdk-8-OdO8jS/openjdk-8-8u162
Event: 51,306 Thread 0x00007f8dfc004800 Exception <a 'java/lang/NoSuchMethodError': java.lang.Object.lambda$direct$1(Lorg/springframework/data/repository/core/support/MethodLookup$MethodPredicate;)Ljava/util/List;> (0x00000000f29d36e0) thrown at [/build/openjdk-8-OdO8jS/openjdk-8-8u162-b12/src/
Event: 51,359 Thread 0x00007f8dfc004800 Exception <a 'java/lang/NoSuchMethodError': java.lang.Object.lambda$and$0(Lorg/springframework/data/repository/core/support/MethodLookup;)Ljava/util/List;> (0x00000000f2a82958) thrown at [/build/openjdk-8-OdO8jS/openjdk-8-8u162-b12/src/hotspot/src/share/v
Event: 51,394 Thread 0x00007f8dfc004800 Exception <a 'java/lang/IncompatibleClassChangeError': Found class java.lang.Object, but interface was expected> (0x00000000f2b28c60) thrown at [/build/openjdk-8-OdO8jS/openjdk-8-8u162-b12/src/hotspot/src/share/vm/interpreter/linkResolver.cpp, line 653]
Event: 51,572 Thread 0x00007f8dfc004800 Exception <a 'java/lang/NoSuchMethodError': java.lang.Object.lambda$map$1(Ljava/util/function/Function;)Ljava/util/stream/Stream;> (0x00000000f2ec43b0) thrown at [/build/openjdk-8-OdO8jS/openjdk-8-8u162-b12/src/hotspot/src/share/vm/interpreter/linkResolve
Event: 53,665 Thread 0x00007f8dfc004800 Exception <a 'java/lang/reflect/InvocationTargetException'> (0x00000000f4585df8) thrown at [/build/openjdk-8-OdO8jS/openjdk-8-8u162-b12/src/hotspot/src/share/vm/runtime/reflection.cpp, line 1092]

Events (10 events):
Event: 54,462 Thread 0x00007f8dfc004800 DEOPT UNPACKING pc=0x00007f8e401f60c4 sp=0x00007f8e2751dfd0 mode 1
Event: 54,465 loading class org/hibernate/query/criteria/internal/MapJoinImplementor
Event: 54,465 loading class org/hibernate/query/criteria/internal/MapJoinImplementor done
Event: 54,465 Thread 0x00007f8dfc004800 DEOPT PACKING pc=0x00007f8e40da4440 sp=0x00007f8e275202f0
Event: 54,466 Thread 0x00007f8dfc004800 DEOPT UNPACKING pc=0x00007f8e401f60c4 sp=0x00007f8e2751ffc0 mode 1
Event: 54,466 loading class javax/persistence/criteria/MapJoin
Event: 54,466 loading class javax/persistence/criteria/MapJoin done
Event: 54,466 Thread 0x00007f8dfc004800 DEOPT PACKING pc=0x00007f8e40da4440 sp=0x00007f8e2751e300
Event: 54,466 Thread 0x00007f8dfc004800 DEOPT UNPACKING pc=0x00007f8e401f60c4 sp=0x00007f8e2751dfd0 mode 1
Event: 54,727 Executing VM operation: CollectForMetadataAllocation


Dynamic libraries:
00400000-00401000 r-xp 00000000 08:02 2628233                            /usr/lib/jvm/java-8-openjdk-amd64/jre/bin/java
00600000-00601000 r--p 00000000 08:02 2628233                            /usr/lib/jvm/java-8-openjdk-amd64/jre/bin/java
00601000-00602000 rw-p 00001000 08:02 2628233                            /usr/lib/jvm/java-8-openjdk-amd64/jre/bin/java
01b44000-0389e000 rw-p 00000000 00:00 0                                  [heap]
c4000000-c7800000 rw-p 00000000 00:00 0 
c7800000-ec000000 ---p 00000000 00:00 0 
ec000000-fb080000 rw-p 00000000 00:00 0 
100000000-100780000 rw-p 00000000 00:00 0 
100780000-140000000 ---p 00000000 00:00 0 
7f8dfc000000-7f8dfc460000 rw-p 00000000 00:00 0 
7f8dfc460000-7f8e00000000 ---p 00000000 00:00 0 
7f8e00702000-7f8e00902000 rw-p 00000000 00:00 0 
7f8e009ff000-7f8e00a3f000 rw-p 00000000 00:00 0 
7f8e00a3f000-7f8e00bff000 ---p 00000000 00:00 0 
7f8e00bff000-7f8e00dff000 rw-p 00000000 00:00 0 
7f8e00dff000-7f8e00fff000 rw-p 00000000 00:00 0 
7f8e00fff000-7f8e04000000 rw-p 00000000 00:00 0 
7f8e04000000-7f8e04021000 rw-p 00000000 00:00 0 
7f8e04021000-7f8e08000000 ---p 00000000 00:00 0 
7f8e08000000-7f8e08026000 rw-p 00000000 00:00 0 
7f8e08026000-7f8e0c000000 ---p 00000000 00:00 0 
7f8e0c000000-7f8e0ffb3000 rw-p 00000000 00:00 0 
7f8e0ffb3000-7f8e10000000 ---p 00000000 00:00 0 
7f8e10000000-7f8e11269000 rw-p 00000000 00:00 0 
7f8e11269000-7f8e14000000 ---p 00000000 00:00 0 
7f8e14000000-7f8e140cf000 rw-p 00000000 00:00 0 
7f8e140cf000-7f8e18000000 ---p 00000000 00:00 0 
7f8e18000000-7f8e18021000 rw-p 00000000 00:00 0 
7f8e18021000-7f8e1c000000 ---p 00000000 00:00 0 
7f8e1c000000-7f8e1c021000 rw-p 00000000 00:00 0 
7f8e1c021000-7f8e20000000 ---p 00000000 00:00 0 
7f8e20000000-7f8e20021000 rw-p 00000000 00:00 0 
7f8e20021000-7f8e24000000 ---p 00000000 00:00 0 
7f8e241eb000-7f8e243eb000 rw-p 00000000 00:00 0 
7f8e243eb000-7f8e245eb000 rw-p 00000000 00:00 0 
7f8e245eb000-7f8e247eb000 rw-p 00000000 00:00 0 
7f8e247eb000-7f8e249eb000 rw-p 00000000 00:00 0 
7f8e249eb000-7f8e24beb000 rw-p 00000000 00:00 0 
7f8e24beb000-7f8e24bee000 ---p 00000000 00:00 0 
7f8e24bee000-7f8e24cec000 rw-p 00000000 00:00 0 
7f8e24cec000-7f8e24cef000 ---p 00000000 00:00 0 
7f8e24cef000-7f8e24fed000 rw-p 00000000 00:00 0 
7f8e24fed000-7f8e24ff0000 ---p 00000000 00:00 0 
7f8e24ff0000-7f8e250ee000 rw-p 00000000 00:00 0 
7f8e250ee000-7f8e250f1000 ---p 00000000 00:00 0 
7f8e250f1000-7f8e253ef000 rw-p 00000000 00:00 0 
7f8e253ef000-7f8e255ef000 rw-p 00000000 00:00 0 
7f8e255ef000-7f8e257ef000 rw-p 00000000 00:00 0 
7f8e257ef000-7f8e259ef000 rw-p 00000000 00:00 0 
7f8e25ae4000-7f8e25ae7000 ---p 00000000 00:00 0 
7f8e25ae7000-7f8e25be5000 rw-p 00000000 00:00 0 
7f8e25be5000-7f8e25bea000 r--s 0009d000 08:02 2628181                    /usr/lib/jvm/java-8-openjdk-amd64/jre/lib/jsse.jar
7f8e25bea000-7f8e25dea000 rw-p 00000000 00:00 0 
7f8e25dea000-7f8e25def000 r--s 002f9000 08:02 2628176                    /usr/lib/jvm/java-8-openjdk-amd64/jre/lib/charsets.jar
7f8e25def000-7f8e25fef000 rw-p 00000000 00:00 0 
7f8e25fef000-7f8e25ff2000 ---p 00000000 00:00 0 
7f8e25ff2000-7f8e262f0000 rw-p 00000000 00:00 0 
7f8e262f0000-7f8e264f0000 rw-p 00000000 00:00 0 
7f8e264f0000-7f8e266f0000 rw-p 00000000 00:00 0 
7f8e266f0000-7f8e268f0000 rw-p 00000000 00:00 0 
7f8e268f0000-7f8e268f9000 r-xp 00000000 08:02 2628214                    /usr/lib/jvm/java-8-openjdk-amd64/jre/lib/amd64/libmanagement.so
7f8e268f9000-7f8e26af8000 ---p 00009000 08:02 2628214                    /usr/lib/jvm/java-8-openjdk-amd64/jre/lib/amd64/libmanagement.so
7f8e26af8000-7f8e26af9000 r--p 00008000 08:02 2628214                    /usr/lib/jvm/java-8-openjdk-amd64/jre/lib/amd64/libmanagement.so
7f8e26af9000-7f8e26afa000 rw-p 00009000 08:02 2628214                    /usr/lib/jvm/java-8-openjdk-amd64/jre/lib/amd64/libmanagement.so
7f8e26afa000-7f8e26b10000 r-xp 00000000 08:02 2628206                    /usr/lib/jvm/java-8-openjdk-amd64/jre/lib/amd64/libnet.so
7f8e26b10000-7f8e26d10000 ---p 00016000 08:02 2628206                    /usr/lib/jvm/java-8-openjdk-amd64/jre/lib/amd64/libnet.so
7f8e26d10000-7f8e26d11000 r--p 00016000 08:02 2628206                    /usr/lib/jvm/java-8-openjdk-amd64/jre/lib/amd64/libnet.so
7f8e26d11000-7f8e26d12000 rw-p 00017000 08:02 2628206                    /usr/lib/jvm/java-8-openjdk-amd64/jre/lib/amd64/libnet.so
7f8e26d12000-7f8e26d23000 r-xp 00000000 08:02 2628211                    /usr/lib/jvm/java-8-openjdk-amd64/jre/lib/amd64/libnio.so
7f8e26d23000-7f8e26f23000 ---p 00011000 08:02 2628211                    /usr/lib/jvm/java-8-openjdk-amd64/jre/lib/amd64/libnio.so
7f8e26f23000-7f8e26f24000 r--p 00011000 08:02 2628211                    /usr/lib/jvm/java-8-openjdk-amd64/jre/lib/amd64/libnio.so
7f8e26f24000-7f8e26f25000 rw-p 00012000 08:02 2628211                    /usr/lib/jvm/java-8-openjdk-amd64/jre/lib/amd64/libnio.so
7f8e26f25000-7f8e27125000 rw-p 00000000 00:00 0 
7f8e27125000-7f8e27325000 rw-p 00000000 00:00 0 
7f8e27325000-7f8e27328000 ---p 00000000 00:00 0 
7f8e27328000-7f8e27426000 rw-p 00000000 00:00 0 
7f8e27426000-7f8e27429000 ---p 00000000 00:00 0 
7f8e27429000-7f8e27527000 rw-p 00000000 00:00 0 
7f8e27527000-7f8e2752a000 ---p 00000000 00:00 0 
7f8e2752a000-7f8e27628000 rw-p 00000000 00:00 0 
7f8e27628000-7f8e27629000 ---p 00000000 00:00 0 
7f8e27629000-7f8e27729000 rw-p 00000000 00:00 0 
7f8e27729000-7f8e2772c000 ---p 00000000 00:00 0 
7f8e2772c000-7f8e2782a000 rw-p 00000000 00:00 0 
7f8e2782a000-7f8e2782d000 ---p 00000000 00:00 0 
7f8e2782d000-7f8e2792b000 rw-p 00000000 00:00 0 
7f8e2792b000-7f8e2792e000 ---p 00000000 00:00 0 
7f8e2792e000-7f8e27a2c000 rw-p 00000000 00:00 0 
7f8e27a2c000-7f8e27a33000 r--s 00064000 08:02 919871                     /opt/idea-IU-181.4203.550/lib/rt/debugger-agent.jar
7f8e27a33000-7f8e27a35000 r--s 0001a000 08:02 919317                     /opt/idea-IU-181.4203.550/lib/idea_rt.jar
7f8e27a35000-7f8e27a36000 r--s 00000000 08:02 1055770                    /home/denis/.m2/repository/org/jetbrains/kotlin/kotlin-stdlib-jdk7/1.2.40-eap-16/kotlin-stdlib-jdk7-1.2.40-eap-16.jar
7f8e27a36000-7f8e27a38000 r--s 00002000 08:02 1055766                    /home/denis/.m2/repository/org/jetbrains/kotlin/kotlin-stdlib-jdk8/1.2.40-eap-16/kotlin-stdlib-jdk8-1.2.40-eap-16.jar
7f8e27a38000-7f8e27a3a000 r--s 0000e000 08:02 917577                     /home/denis/.m2/repository/javax/activation/activation/1.1/activation-1.1.jar
7f8e27a3a000-7f8e27a42000 r--s 00098000 08:02 926150                     /home/denis/.m2/repository/com/sun/mail/javax.mail/1.6.1/javax.mail-1.6.1.jar
7f8e27a42000-7f8e27a47000 r--s 00026000 08:02 926131                     /home/denis/.m2/repository/org/springframework/spring-context-support/5.0.4.RELEASE/spring-context-support-5.0.4.RELEASE.jar
7f8e27a47000-7f8e27a61000 r--s 000ee000 08:02 919180                     /home/denis/.m2/repository/org/springframework/spring-context/5.0.4.RELEASE/spring-context-5.0.4.RELEASE.jar
7f8e27a61000-7f8e27a62000 r--s 00000000 08:02 917571                     /home/denis/.m2/repository/org/springframework/boot/spring-boot-starter-mail/1.4.3.RELEASE/spring-boot-starter-mail-1.4.3.RELEASE.jar
7f8e27a62000-7f8e27a70000 r--s 0006b000 08:02 920708                     /home/denis/.m2/repository/org/springframework/security/spring-security-web/5.0.3.RELEASE/spring-security-web-5.0.3.RELEASE.jar
7f8e27a70000-7f8e27a7d000 r--s 0005b000 08:02 920706                     /home/denis/.m2/repository/org/springframework/security/spring-security-core/5.0.3.RELEASE/spring-security-core-5.0.3.RELEASE.jar
7f8e27a7d000-7f8e27a88000 r--s 0009e000 08:02 920704                     /home/denis/.m2/repository/org/springframework/security/spring-security-config/5.0.3.RELEASE/spring-security-config-5.0.3.RELEASE.jar
7f8e27a88000-7f8e27a91000 r--s 0004f000 08:02 919188                     /home/denis/.m2/repository/org/springframework/spring-aop/5.0.4.RELEASE/spring-aop-5.0.4.RELEASE.jar
7f8e27a91000-7f8e27a92000 r--s 00000000 08:02 659654                     /home/denis/.m2/repository/org/springframework/boot/spring-boot-starter-security/2.0.0.RELEASE/spring-boot-starter-security-2.0.0.RELEASE.jar
7f8e27a92000-7f8e27a97000 r--s 0003a000 08:02 920682                     /home/denis/.m2/repository/org/apache/tomcat/embed/tomcat-embed-websocket/8.5.28/tomcat-embed-websocket-8.5.28.jar
7f8e27a97000-7f8e27a9b000 r--s 00037000 08:02 920670                     /home/denis/.m2/repository/org/apache/tomcat/embed/tomcat-embed-el/8.5.28/tomcat-embed-el-8.5.28.jar
7f8e27a9b000-7f8e27ac5000 r--s 002ce000 08:02 920658                     /home/denis/.m2/repository/org/apache/tomcat/embed/tomcat-embed-core/8.5.28/tomcat-embed-core-8.5.28.jar
7f8e27ac5000-7f8e27ac6000 r--s 00000000 08:02 920630                     /home/denis/.m2/repository/org/springframework/boot/spring-boot-starter-tomcat/2.0.0.RELEASE/spring-boot-starter-tomcat-2.0.0.RELEASE.jar
7f8e27ac6000-7f8e27acb000 r--s 0003c000 08:02 919195                     /home/denis/.m2/repository/org/springframework/spring-expression/5.0.4.RELEASE/spring-expression-5.0.4.RELEASE.jar
7f8e27acb000-7f8e27ada000 r--s 000b0000 08:02 920626                     /home/denis/.m2/repository/org/springframework/spring-webmvc/5.0.4.RELEASE/spring-webmvc-5.0.4.RELEASE.jar
7f8e27ada000-7f8e27af4000 r--s 00116000 08:02 920616                     /home/denis/.m2/repository/org/springframework/spring-web/5.0.4.RELEASE/spring-web-5.0.4.RELEASE.jar
7f8e27af4000-7f8e27af9000 r--s 00012000 08:02 920653                     /home/denis/.m2/repository/javax/validation/validation-api/2.0.1.Final/validation-api-2.0.1.Final.jar
7f8e27af9000-7f8e27b15000 r--s 000f5000 08:02 920676                     /home/denis/.m2/repository/org/hibernate/validator/hibernate-validator/6.0.7.Final/hibernate-validator-6.0.7.Final.jar
7f8e27b15000-7f8e27b17000 r--s 00001000 08:02 659750                     /home/denis/.m2/repository/com/fasterxml/jackson/module/jackson-module-parameter-names/2.9.4/jackson-module-parameter-names-2.9.4.jar
7f8e27b17000-7f8e27b19000 r--s 00016000 08:02 659748                     /home/denis/.m2/repository/com/fasterxml/jackson/datatype/jackson-datatype-jsr310/2.9.4/jackson-datatype-jsr310-2.9.4.jar
7f8e27b19000-7f8e27b1b000 r--s 00007000 08:02 659746                     /home/denis/.m2/repository/com/fasterxml/jackson/datatype/jackson-datatype-jdk8/2.9.4/jackson-datatype-jdk8-2.9.4.jar
7f8e27b1b000-7f8e27b1f000 r--s 0004b000 08:02 920678                     /home/denis/.m2/repository/com/fasterxml/jackson/core/jackson-core/2.9.4/jackson-core-2.9.4.jar
7f8e27b1f000-7f8e27b22000 r--s 0000e000 08:02 920672                     /home/denis/.m2/repository/com/fasterxml/jackson/core/jackson-annotations/2.9.0/jackson-annotations-2.9.0.jar
7f8e27b22000-7f8e27b35000 r--s 00136000 08:02 920674                     /home/denis/.m2/repository/com/fasterxml/jackson/core/jackson-databind/2.9.4/jackson-databind-2.9.4.jar
7f8e27b35000-7f8e27b36000 r--s 00000000 08:02 659737                     /home/denis/.m2/repository/org/springframework/boot/spring-boot-starter-json/2.0.0.RELEASE/spring-boot-starter-json-2.0.0.RELEASE.jar
7f8e27b36000-7f8e27b37000 r--s 00000000 08:02 920601                     /home/denis/.m2/repository/org/springframework/boot/spring-boot-starter-web/2.0.0.RELEASE/spring-boot-starter-web-2.0.0.RELEASE.jar
7f8e27b37000-7f8e27b57000 r--s 000f8000 08:02 919204                     /home/denis/.m2/repository/org/springframework/boot/spring-boot-autoconfigure/2.0.0.RELEASE/spring-boot-autoconfigure-2.0.0.RELEASE.jar
7f8e27b57000-7f8e27b61000 r--s 000eb000 08:02 787302                     /home/denis/.m2/repository/mysql/mysql-connector-java/5.1.45/mysql-connector-java-5.1.45.jar
7f8e27b61000-7f8e27b67000 r--s 0002d000 08:02 920600                     /home/denis/.m2/repository/org/springframework/boot/spring-boot-devtools/2.0.0.RELEASE/spring-boot-devtools-2.0.0.RELEASE.jar
7f8e27b67000-7f8e27b68000 r--s 00009000 08:02 920664                     /home/denis/.m2/repository/org/thymeleaf/extras/thymeleaf-extras-java8time/3.0.1.RELEASE/thymeleaf-extras-java8time-3.0.1.RELEASE.jar
7f8e27b68000-7f8e27b6b000 r--s 00026000 08:02 920662                     /home/denis/.m2/repository/org/unbescape/unbescape/1.1.5.RELEASE/unbescape-1.1.5.RELEASE.jar
7f8e27b6b000-7f8e27b6f000 r--s 00035000 08:02 920655                     /home/denis/.m2/repository/org/attoparser/attoparser/2.0.4.RELEASE/attoparser-2.0.4.RELEASE.jar
7f8e27b6f000-7f8e27b7f000 r--s 000c5000 08:02 920660                     /home/denis/.m2/repository/org/thymeleaf/thymeleaf/3.0.9.RELEASE/thymeleaf-3.0.9.RELEASE.jar
7f8e27b7f000-7f8e27b83000 r--s 00027000 08:02 920656                     /home/denis/.m2/repository/org/thymeleaf/thymeleaf-spring5/3.0.9.RELEASE/thymeleaf-spring5-3.0.9.RELEASE.jar
7f8e27b83000-7f8e27b84000 r--s 00000000 08:02 920623                     /home/denis/.m2/repository/org/springframework/boot/spring-boot-starter-thymeleaf/2.0.0.RELEASE/spring-boot-starter-thymeleaf-2.0.0.RELEASE.jar
7f8e27b84000-7f8e27b87000 r--s 00008000 08:02 920610                     /home/denis/.m2/repository/org/springframework/spring-aspects/5.0.4.RELEASE/spring-aspects-5.0.4.RELEASE.jar
7f8e27b87000-7f8e27b89000 r--s 00009000 08:02 655699                     /home/denis/.m2/repository/org/slf4j/slf4j-api/1.7.25/slf4j-api-1.7.25.jar
7f8e27b89000-7f8e27b95000 r--s 00094000 08:02 919192                     /home/denis/.m2/repository/org/springframework/spring-beans/5.0.4.RELEASE/spring-beans-5.0.4.RELEASE.jar
7f8e27b95000-7f8e27b9c000 r--s 00036000 08:02 920617                     /home/denis/.m2/repository/org/springframework/spring-tx/5.0.4.RELEASE/spring-tx-5.0.4.RELEASE.jar
7f8e27b9c000-7f8e27ba0000 r--s 0002a000 08:02 920593                     /home/denis/.m2/repository/org/springframework/spring-orm/5.0.4.RELEASE/spring-orm-5.0.4.RELEASE.jar
7f8e27ba0000-7f8e27bb7000 r--s 000ed000 08:02 920606                     /home/denis/.m2/repository/org/springframework/data/spring-data-commons/2.0.5.RELEASE/spring-data-commons-2.0.5.RELEASE.jar
7f8e27bb7000-7f8e27bbe000 r--s 00049000 08:02 920615                     /home/denis/.m2/repository/org/springframework/data/spring-data-jpa/2.0.5.RELEASE/spring-data-jpa-2.0.5.RELEASE.jar
7f8e27bbe000-7f8e27bc0000 r--s 00006000 08:02 786877                     /home/denis/.m2/repository/javax/transaction/javax.transaction-api/1.2/javax.transaction-api-1.2.jar
7f8e27bc0000-7f8e27bc3000 r--s 00010000 08:02 786850                     /home/denis/.m2/repository/org/hibernate/common/hibernate-commons-annotations/5.0.1.Final/hibernate-commons-annotations-5.0.1.Final.jar
7f8e27bc3000-7f8e27bc8000 r--s 00048000 08:02 786838                     /home/denis/.m2/repository/dom4j/dom4j/1.6.1/dom4j-1.6.1.jar
7f8e27bc8000-7f8e27bca000 r--s 0000e000 08:02 787320                     /home/denis/.m2/repository/com/fasterxml/classmate/1.3.4/classmate-1.3.4.jar
7f8e27bca000-7f8e27bcd000 r--s 0002b000 08:02 920654                     /home/denis/.m2/repository/org/jboss/jandex/2.0.3.Final/jandex-2.0.3.Final.jar
7f8e27bcd000-7f8e27bd2000 r--s 00068000 08:02 658600                     /home/denis/.m2/repository/antlr/antlr/2.7.7/antlr-2.7.7.jar
7f8e27bd2000-7f8e27bdc000 r--s 000ab000 08:02 920652                     /home/denis/.m2/repository/org/javassist/javassist/3.22.0-GA/javassist-3.22.0-GA.jar
7f8e27bdc000-7f8e27be1000 r--s 00017000 08:02 786859                     /home/denis/.m2/repository/org/hibernate/javax/persistence/hibernate-jpa-2.1-api/1.0.0.Final/hibernate-jpa-2.1-api-1.0.0.Final.jar
7f8e27be1000-7f8e27be3000 r--s 0000f000 08:02 920680                     /home/denis/.m2/repository/org/jboss/logging/jboss-logging/3.3.2.Final/jboss-logging-3.3.2.Final.jar
7f8e27be3000-7f8e27c61000 r--s 005ec000 08:02 920648                     /home/denis/.m2/repository/org/hibernate/hibernate-core/5.2.14.Final/hibernate-core-5.2.14.Final.jar
7f8e27c61000-7f8e27c6a000 r--s 00057000 08:02 920620                     /home/denis/.m2/repository/org/springframework/spring-jdbc/5.0.4.RELEASE/spring-jdbc-5.0.4.RELEASE.jar
7f8e27c6a000-7f8e27c6d000 r--s 00020000 08:02 659744                     /home/denis/.m2/repository/com/zaxxer/HikariCP/2.7.8/HikariCP-2.7.8.jar
7f8e27c6d000-7f8e27c6e000 r--s 00000000 08:02 920584                     /home/denis/.m2/repository/org/springframework/boot/spring-boot-starter-jdbc/2.0.0.RELEASE/spring-boot-starter-jdbc-2.0.0.RELEASE.jar
7f8e27c6e000-7f8e27c87000 r--s 001bf000 08:02 787311                     /home/denis/.m2/repository/org/aspectj/aspectjweaver/1.8.13/aspectjweaver-1.8.13.jar
7f8e27c87000-7f8e27c88000 r--s 00000000 08:02 920596                     /home/denis/.m2/repository/org/springframework/boot/spring-boot-starter-aop/2.0.0.RELEASE/spring-boot-starter-aop-2.0.0.RELEASE.jar
7f8e27c88000-7f8e27c89000 r--s 00000000 08:02 659736                     /home/denis/.m2/repository/org/springframework/boot/spring-boot-starter-data-jpa/2.0.0.RELEASE/spring-boot-starter-data-jpa-2.0.0.RELEASE.jar
7f8e27c89000-7f8e27c8b000 r--s 00003000 08:02 788194                     /home/denis/.m2/repository/org/jetbrains/annotations/13.0/annotations-13.0.jar
7f8e27c8b000-7f8e27c9a000 r--s 000d7000 08:02 1055768                    /home/denis/.m2/repository/org/jetbrains/kotlin/kotlin-stdlib/1.2.40-eap-16/kotlin-stdlib-1.2.40-eap-16.jar
7f8e27c9a000-7f8e27cce000 r--s 00245000 08:02 1055772                    /home/denis/.m2/repository/org/jetbrains/kotlin/kotlin-reflect/1.2.40-eap-16/kotlin-reflect-1.2.40-eap-16.jar
7f8e27cce000-7f8e27cd5000 r--s 00042000 08:02 919238                     /home/denis/.m2/repository/org/yaml/snakeyaml/1.19/snakeyaml-1.19.jar
7f8e27cd5000-7f8e27cec000 r--s 00112000 08:02 919197                     /home/denis/.m2/repository/org/springframework/spring-core/5.0.4.RELEASE/spring-core-5.0.4.RELEASE.jar
7f8e27cec000-7f8e27cf2000 r--s 00039000 08:02 919232                     /home/denis/.m2/repository/org/apache/logging/log4j/log4j-api/2.10.0/log4j-api-2.10.0.jar
7f8e27cf2000-7f8e27cfd000 r--s 00069000 08:02 919230                     /home/denis/.m2/repository/ch/qos/logback/logback-core/1.2.3/logback-core-1.2.3.jar
7f8e27cfd000-7f8e27d00000 ---p 00000000 00:00 0 
7f8e27d00000-7f8e27dfe000 rw-p 00000000 00:00 0 
7f8e27dfe000-7f8e27e01000 ---p 00000000 00:00 0 
7f8e27e01000-7f8e27eff000 rw-p 00000000 00:00 0 
7f8e27eff000-7f8e27f02000 ---p 00000000 00:00 0 
7f8e27f02000-7f8e28000000 rw-p 00000000 00:00 0 
7f8e28000000-7f8e28021000 rw-p 00000000 00:00 0 
7f8e28021000-7f8e2c000000 ---p 00000000 00:00 0 
7f8e2c000000-7f8e2c021000 rw-p 00000000 00:00 0 
7f8e2c021000-7f8e30000000 ---p 00000000 00:00 0 
7f8e30000000-7f8e30028000 rw-p 00000000 00:00 0 
7f8e30028000-7f8e34000000 ---p 00000000 00:00 0 
7f8e34000000-7f8e34021000 rw-p 00000000 00:00 0 
7f8e34021000-7f8e38000000 ---p 00000000 00:00 0 
7f8e38000000-7f8e38021000 rw-p 00000000 00:00 0 
7f8e38021000-7f8e3c000000 ---p 00000000 00:00 0 
7f8e3c000000-7f8e3c002000 r--s 00005000 08:02 919236                     /home/denis/.m2/repository/javax/annotation/javax.annotation-api/1.3.2/javax.annotation-api-1.3.2.jar
7f8e3c002000-7f8e3c004000 r--s 00000000 08:02 655686                     /home/denis/.m2/repository/org/slf4j/jul-to-slf4j/1.7.25/jul-to-slf4j-1.7.25.jar
7f8e3c004000-7f8e3c006000 r--s 00003000 08:02 919234                     /home/denis/.m2/repository/org/apache/logging/log4j/log4j-to-slf4j/2.10.0/log4j-to-slf4j-2.10.0.jar
7f8e3c006000-7f8e3c00c000 r--s 00041000 08:02 919228                     /home/denis/.m2/repository/ch/qos/logback/logback-classic/1.2.3/logback-classic-1.2.3.jar
7f8e3c00c000-7f8e3c010000 r-xp 00000000 08:02 2628202                    /usr/lib/jvm/java-8-openjdk-amd64/jre/lib/amd64/libdt_socket.so
7f8e3c010000-7f8e3c20f000 ---p 00004000 08:02 2628202                    /usr/lib/jvm/java-8-openjdk-amd64/jre/lib/amd64/libdt_socket.so
7f8e3c20f000-7f8e3c210000 r--p 00003000 08:02 2628202                    /usr/lib/jvm/java-8-openjdk-amd64/jre/lib/amd64/libdt_socket.so
7f8e3c210000-7f8e3c211000 rw-p 00004000 08:02 2628202                    /usr/lib/jvm/java-8-openjdk-amd64/jre/lib/amd64/libdt_socket.so
7f8e3c211000-7f8e3c214000 ---p 00000000 00:00 0 
7f8e3c214000-7f8e3c312000 rw-p 00000000 00:00 0 
7f8e3c312000-7f8e3c315000 ---p 00000000 00:00 0 
7f8e3c315000-7f8e3c413000 rw-p 00000000 00:00 0 
7f8e3c413000-7f8e3c416000 ---p 00000000 00:00 0 
7f8e3c416000-7f8e3c514000 rw-p 00000000 00:00 0 
7f8e3c514000-7f8e3c515000 ---p 00000000 00:00 0 
7f8e3c515000-7f8e3cf1e000 rw-p 00000000 00:00 0 
7f8e3cf1e000-7f8e3d0ec000 r--s 03c2c000 08:02 2628180                    /usr/lib/jvm/java-8-openjdk-amd64/jre/lib/rt.jar
7f8e3d0ec000-7f8e3f8cc000 rw-p 00000000 00:00 0 
7f8e3f8cc000-7f8e3f8cd000 ---p 00000000 00:00 0 
7f8e3f8cd000-7f8e3f9cd000 rw-p 00000000 00:00 0 
7f8e3f9cd000-7f8e3f9ce000 ---p 00000000 00:00 0 
7f8e3f9ce000-7f8e3faea000 rw-p 00000000 00:00 0 
7f8e3faea000-7f8e3fc0e000 ---p 00000000 00:00 0 
7f8e3fc0e000-7f8e3fc2a000 rw-p 00000000 00:00 0 
7f8e3fc2a000-7f8e3fd4e000 ---p 00000000 00:00 0 
7f8e3fd4e000-7f8e3fdc7000 rw-p 00000000 00:00 0 
7f8e3fdc7000-7f8e3fdee000 ---p 00000000 00:00 0 
7f8e3fdee000-7f8e3fe28000 rw-p 00000000 00:00 0 
7f8e3fe28000-7f8e401af000 ---p 00000000 00:00 0 
7f8e401af000-7f8e40fcf000 rwxp 00000000 00:00 0 
7f8e40fcf000-7f8e4f1af000 ---p 00000000 00:00 0 
7f8e4f1af000-7f8e4f1b7000 r-xp 00000000 08:02 2628193                    /usr/lib/jvm/java-8-openjdk-amd64/jre/lib/amd64/libzip.so
7f8e4f1b7000-7f8e4f3b6000 ---p 00008000 08:02 2628193                    /usr/lib/jvm/java-8-openjdk-amd64/jre/lib/amd64/libzip.so
7f8e4f3b6000-7f8e4f3b7000 r--p 00007000 08:02 2628193                    /usr/lib/jvm/java-8-openjdk-amd64/jre/lib/amd64/libzip.so
7f8e4f3b7000-7f8e4f3b8000 rw-p 00008000 08:02 2628193                    /usr/lib/jvm/java-8-openjdk-amd64/jre/lib/amd64/libzip.so
7f8e4f3b8000-7f8e4f3c3000 r-xp 00000000 08:02 4718634                    /lib/x86_64-linux-gnu/libnss_files-2.23.so
7f8e4f3c3000-7f8e4f5c2000 ---p 0000b000 08:02 4718634                    /lib/x86_64-linux-gnu/libnss_files-2.23.so
7f8e4f5c2000-7f8e4f5c3000 r--p 0000a000 08:02 4718634                    /lib/x86_64-linux-gnu/libnss_files-2.23.so
7f8e4f5c3000-7f8e4f5c4000 rw-p 0000b000 08:02 4718634                    /lib/x86_64-linux-gnu/libnss_files-2.23.so
7f8e4f5c4000-7f8e4f5ca000 rw-p 00000000 00:00 0 
7f8e4f5ca000-7f8e4f5d5000 r-xp 00000000 08:02 4718638                    /lib/x86_64-linux-gnu/libnss_nis-2.23.so
7f8e4f5d5000-7f8e4f7d4000 ---p 0000b000 08:02 4718638                    /lib/x86_64-linux-gnu/libnss_nis-2.23.so
7f8e4f7d4000-7f8e4f7d5000 r--p 0000a000 08:02 4718638                    /lib/x86_64-linux-gnu/libnss_nis-2.23.so
7f8e4f7d5000-7f8e4f7d6000 rw-p 0000b000 08:02 4718638                    /lib/x86_64-linux-gnu/libnss_nis-2.23.so
7f8e4f7d6000-7f8e4f7ec000 r-xp 00000000 08:02 4718597                    /lib/x86_64-linux-gnu/libnsl-2.23.so
7f8e4f7ec000-7f8e4f9eb000 ---p 00016000 08:02 4718597                    /lib/x86_64-linux-gnu/libnsl-2.23.so
7f8e4f9eb000-7f8e4f9ec000 r--p 00015000 08:02 4718597                    /lib/x86_64-linux-gnu/libnsl-2.23.so
7f8e4f9ec000-7f8e4f9ed000 rw-p 00016000 08:02 4718597                    /lib/x86_64-linux-gnu/libnsl-2.23.so
7f8e4f9ed000-7f8e4f9ef000 rw-p 00000000 00:00 0 
7f8e4f9ef000-7f8e4f9f7000 r-xp 00000000 08:02 4718629                    /lib/x86_64-linux-gnu/libnss_compat-2.23.so
7f8e4f9f7000-7f8e4fbf6000 ---p 00008000 08:02 4718629                    /lib/x86_64-linux-gnu/libnss_compat-2.23.so
7f8e4fbf6000-7f8e4fbf7000 r--p 00007000 08:02 4718629                    /lib/x86_64-linux-gnu/libnss_compat-2.23.so
7f8e4fbf7000-7f8e4fbf8000 rw-p 00008000 08:02 4718629                    /lib/x86_64-linux-gnu/libnss_compat-2.23.so
7f8e4fbf8000-7f8e50000000 r--p 00000000 08:02 2623313                    /usr/lib/locale/locale-archive
7f8e50000000-7f8e5091e000 rw-p 00000000 00:00 0 
7f8e5091e000-7f8e54000000 ---p 00000000 00:00 0 
7f8e54000000-7f8e54001000 r--s 00003000 08:02 919206                     /home/denis/.m2/repository/org/springframework/spring-jcl/5.0.4.RELEASE/spring-jcl-5.0.4.RELEASE.jar
7f8e54001000-7f8e54002000 r--s 00000000 08:02 919201                     /home/denis/.m2/repository/org/springframework/boot/spring-boot-starter-logging/2.0.0.RELEASE/spring-boot-starter-logging-2.0.0.RELEASE.jar
7f8e54002000-7f8e54017000 r--s 000cd000 08:02 919185                     /home/denis/.m2/repository/org/springframework/boot/spring-boot/2.0.0.RELEASE/spring-boot-2.0.0.RELEASE.jar
7f8e54017000-7f8e54018000 r--s 00000000 08:02 919208                     /home/denis/.m2/repository/org/springframework/boot/spring-boot-starter/2.0.0.RELEASE/spring-boot-starter-2.0.0.RELEASE.jar
7f8e54018000-7f8e5402b000 r--s 00346000 08:02 2628221                    /usr/lib/jvm/java-8-openjdk-amd64/jre/lib/resources.jar
7f8e5402b000-7f8e54030000 r--s 0009d000 08:02 2628181                    /usr/lib/jvm/java-8-openjdk-amd64/jre/lib/jsse.jar
7f8e54030000-7f8e54033000 r--s 00015000 08:02 2628223                    /usr/lib/jvm/java-8-openjdk-amd64/jre/lib/jce.jar
7f8e54033000-7f8e5404e000 r--s 00394000 08:02 2628162                    /usr/lib/jvm/java-8-openjdk-amd64/jre/lib/ext/cldrdata.jar
7f8e5404e000-7f8e54058000 r--s 00116000 08:02 2627408                    /usr/lib/jvm/java-8-openjdk-amd64/jre/lib/ext/localedata.jar
7f8e54058000-7f8e540ce000 rw-p 00000000 00:00 0 
7f8e540ce000-7f8e540d8000 r-xp 00000000 08:02 2628183                    /usr/lib/jvm/java-8-openjdk-amd64/jre/lib/amd64/libinstrument.so
7f8e540d8000-7f8e542d7000 ---p 0000a000 08:02 2628183                    /usr/lib/jvm/java-8-openjdk-amd64/jre/lib/amd64/libinstrument.so
7f8e542d7000-7f8e542d8000 r--p 00009000 08:02 2628183                    /usr/lib/jvm/java-8-openjdk-amd64/jre/lib/amd64/libinstrument.so
7f8e542d8000-7f8e542d9000 rw-p 0000a000 08:02 2628183                    /usr/lib/jvm/java-8-openjdk-amd64/jre/lib/amd64/libinstrument.so
7f8e542d9000-7f8e542db000 r-xp 00000000 08:02 2628200                    /usr/lib/jvm/java-8-openjdk-amd64/jre/lib/amd64/libnpt.so
7f8e542db000-7f8e544db000 ---p 00002000 08:02 2628200                    /usr/lib/jvm/java-8-openjdk-amd64/jre/lib/amd64/libnpt.so
7f8e544db000-7f8e544dc000 r--p 00002000 08:02 2628200                    /usr/lib/jvm/java-8-openjdk-amd64/jre/lib/amd64/libnpt.so
7f8e544dc000-7f8e544dd000 rw-p 00003000 08:02 2628200                    /usr/lib/jvm/java-8-openjdk-amd64/jre/lib/amd64/libnpt.so
7f8e544dd000-7f8e54518000 r-xp 00000000 08:02 2628208                    /usr/lib/jvm/java-8-openjdk-amd64/jre/lib/amd64/libjdwp.so
7f8e54518000-7f8e54718000 ---p 0003b000 08:02 2628208                    /usr/lib/jvm/java-8-openjdk-amd64/jre/lib/amd64/libjdwp.so
7f8e54718000-7f8e54719000 r--p 0003b000 08:02 2628208                    /usr/lib/jvm/java-8-openjdk-amd64/jre/lib/amd64/libjdwp.so
7f8e54719000-7f8e5471a000 rw-p 0003c000 08:02 2628208                    /usr/lib/jvm/java-8-openjdk-amd64/jre/lib/amd64/libjdwp.so
7f8e5471a000-7f8e54747000 r-xp 00000000 08:02 2628196                    /usr/lib/jvm/java-8-openjdk-amd64/jre/lib/amd64/libjava.so
7f8e54747000-7f8e54946000 ---p 0002d000 08:02 2628196                    /usr/lib/jvm/java-8-openjdk-amd64/jre/lib/amd64/libjava.so
7f8e54946000-7f8e54947000 r--p 0002c000 08:02 2628196                    /usr/lib/jvm/java-8-openjdk-amd64/jre/lib/amd64/libjava.so
7f8e54947000-7f8e54949000 rw-p 0002d000 08:02 2628196                    /usr/lib/jvm/java-8-openjdk-amd64/jre/lib/amd64/libjava.so
7f8e54949000-7f8e54958000 r-xp 00000000 08:02 2628205                    /usr/lib/jvm/java-8-openjdk-amd64/jre/lib/amd64/libverify.so
7f8e54958000-7f8e54b57000 ---p 0000f000 08:02 2628205                    /usr/lib/jvm/java-8-openjdk-amd64/jre/lib/amd64/libverify.so
7f8e54b57000-7f8e54b59000 r--p 0000e000 08:02 2628205                    /usr/lib/jvm/java-8-openjdk-amd64/jre/lib/amd64/libverify.so
7f8e54b59000-7f8e54b5a000 rw-p 00010000 08:02 2628205                    /usr/lib/jvm/java-8-openjdk-amd64/jre/lib/amd64/libverify.so
7f8e54b5a000-7f8e54b61000 r-xp 00000000 08:02 4718639                    /lib/x86_64-linux-gnu/librt-2.23.so
7f8e54b61000-7f8e54d60000 ---p 00007000 08:02 4718639                    /lib/x86_64-linux-gnu/librt-2.23.so
7f8e54d60000-7f8e54d61000 r--p 00006000 08:02 4718639                    /lib/x86_64-linux-gnu/librt-2.23.so
7f8e54d61000-7f8e54d62000 rw-p 00007000 08:02 4718639                    /lib/x86_64-linux-gnu/librt-2.23.so
7f8e54d62000-7f8e54d78000 r-xp 00000000 08:02 4723268                    /lib/x86_64-linux-gnu/libgcc_s.so.1
7f8e54d78000-7f8e54f77000 ---p 00016000 08:02 4723268                    /lib/x86_64-linux-gnu/libgcc_s.so.1
7f8e54f77000-7f8e54f78000 rw-p 00015000 08:02 4723268                    /lib/x86_64-linux-gnu/libgcc_s.so.1
7f8e54f78000-7f8e55080000 r-xp 00000000 08:02 4718595                    /lib/x86_64-linux-gnu/libm-2.23.so
7f8e55080000-7f8e5527f000 ---p 00108000 08:02 4718595                    /lib/x86_64-linux-gnu/libm-2.23.so
7f8e5527f000-7f8e55280000 r--p 00107000 08:02 4718595                    /lib/x86_64-linux-gnu/libm-2.23.so
7f8e55280000-7f8e55281000 rw-p 00108000 08:02 4718595                    /lib/x86_64-linux-gnu/libm-2.23.so
7f8e55281000-7f8e553f3000 r-xp 00000000 08:02 2623059                    /usr/lib/x86_64-linux-gnu/libstdc++.so.6.0.21
7f8e553f3000-7f8e555f3000 ---p 00172000 08:02 2623059                    /usr/lib/x86_64-linux-gnu/libstdc++.so.6.0.21
7f8e555f3000-7f8e555fd000 r--p 00172000 08:02 2623059                    /usr/lib/x86_64-linux-gnu/libstdc++.so.6.0.21
7f8e555fd000-7f8e555ff000 rw-p 0017c000 08:02 2623059                    /usr/lib/x86_64-linux-gnu/libstdc++.so.6.0.21
7f8e555ff000-7f8e55603000 rw-p 00000000 00:00 0 
7f8e55603000-7f8e5625b000 r-xp 00000000 08:02 2628191                    /usr/lib/jvm/java-8-openjdk-amd64/jre/lib/amd64/server/libjvm.so
7f8e5625b000-7f8e5645b000 ---p 00c58000 08:02 2628191                    /usr/lib/jvm/java-8-openjdk-amd64/jre/lib/amd64/server/libjvm.so
7f8e5645b000-7f8e564ee000 r--p 00c58000 08:02 2628191                    /usr/lib/jvm/java-8-openjdk-amd64/jre/lib/amd64/server/libjvm.so
7f8e564ee000-7f8e56517000 rw-p 00ceb000 08:02 2628191                    /usr/lib/jvm/java-8-openjdk-amd64/jre/lib/amd64/server/libjvm.so
7f8e56517000-7f8e56547000 rw-p 00000000 00:00 0 
7f8e56547000-7f8e5655f000 r-xp 00000000 08:02 4718609                    /lib/x86_64-linux-gnu/libpthread-2.23.so
7f8e5655f000-7f8e5675e000 ---p 00018000 08:02 4718609                    /lib/x86_64-linux-gnu/libpthread-2.23.so
7f8e5675e000-7f8e5675f000 r--p 00017000 08:02 4718609                    /lib/x86_64-linux-gnu/libpthread-2.23.so
7f8e5675f000-7f8e56760000 rw-p 00018000 08:02 4718609                    /lib/x86_64-linux-gnu/libpthread-2.23.so
7f8e56760000-7f8e56764000 rw-p 00000000 00:00 0 
7f8e56764000-7f8e56767000 r-xp 00000000 08:02 4718623                    /lib/x86_64-linux-gnu/libdl-2.23.so
7f8e56767000-7f8e56966000 ---p 00003000 08:02 4718623                    /lib/x86_64-linux-gnu/libdl-2.23.so
7f8e56966000-7f8e56967000 r--p 00002000 08:02 4718623                    /lib/x86_64-linux-gnu/libdl-2.23.so
7f8e56967000-7f8e56968000 rw-p 00003000 08:02 4718623                    /lib/x86_64-linux-gnu/libdl-2.23.so
7f8e56968000-7f8e56981000 r-xp 00000000 08:02 4723421                    /lib/x86_64-linux-gnu/libz.so.1.2.8
7f8e56981000-7f8e56b80000 ---p 00019000 08:02 4723421                    /lib/x86_64-linux-gnu/libz.so.1.2.8
7f8e56b80000-7f8e56b81000 r--p 00018000 08:02 4723421                    /lib/x86_64-linux-gnu/libz.so.1.2.8
7f8e56b81000-7f8e56b82000 rw-p 00019000 08:02 4723421                    /lib/x86_64-linux-gnu/libz.so.1.2.8
7f8e56b82000-7f8e56d42000 r-xp 00000000 08:02 4718617                    /lib/x86_64-linux-gnu/libc-2.23.so
7f8e56d42000-7f8e56f42000 ---p 001c0000 08:02 4718617                    /lib/x86_64-linux-gnu/libc-2.23.so
7f8e56f42000-7f8e56f46000 r--p 001c0000 08:02 4718617                    /lib/x86_64-linux-gnu/libc-2.23.so
7f8e56f46000-7f8e56f48000 rw-p 001c4000 08:02 4718617                    /lib/x86_64-linux-gnu/libc-2.23.so
7f8e56f48000-7f8e56f4c000 rw-p 00000000 00:00 0 
7f8e56f4c000-7f8e56f59000 r-xp 00000000 08:02 2628201                    /usr/lib/jvm/java-8-openjdk-amd64/jre/lib/amd64/jli/libjli.so
7f8e56f59000-7f8e57159000 ---p 0000d000 08:02 2628201                    /usr/lib/jvm/java-8-openjdk-amd64/jre/lib/amd64/jli/libjli.so
7f8e57159000-7f8e5715a000 r--p 0000d000 08:02 2628201                    /usr/lib/jvm/java-8-openjdk-amd64/jre/lib/amd64/jli/libjli.so
7f8e5715a000-7f8e5715b000 rw-p 0000e000 08:02 2628201                    /usr/lib/jvm/java-8-openjdk-amd64/jre/lib/amd64/jli/libjli.so
7f8e5715b000-7f8e57181000 r-xp 00000000 08:02 4718606                    /lib/x86_64-linux-gnu/ld-2.23.so
7f8e57181000-7f8e57186000 r--s 002f9000 08:02 2628176                    /usr/lib/jvm/java-8-openjdk-amd64/jre/lib/charsets.jar
7f8e57186000-7f8e57189000 r--s 0000f000 08:02 2627409                    /usr/lib/jvm/java-8-openjdk-amd64/jre/lib/ext/icedtea-sound.jar
7f8e57189000-7f8e571a4000 r--s 001d6000 08:02 2628164                    /usr/lib/jvm/java-8-openjdk-amd64/jre/lib/ext/nashorn.jar
7f8e571a4000-7f8e57260000 rw-p 00000000 00:00 0 
7f8e57260000-7f8e57263000 ---p 00000000 00:00 0 
7f8e57263000-7f8e57365000 rw-p 00000000 00:00 0 
7f8e57365000-7f8e57366000 r--s 00000000 08:02 2628220                    /usr/lib/jvm/java-8-openjdk-amd64/jre/lib/management-agent.jar
7f8e57366000-7f8e57368000 r--s 00001000 08:02 2628161                    /usr/lib/jvm/java-8-openjdk-amd64/jre/lib/ext/dnsns.jar
7f8e57368000-7f8e57369000 r--s 0000a000 08:02 2627411                    /usr/lib/jvm/java-8-openjdk-amd64/jre/lib/ext/jaccess.jar
7f8e57369000-7f8e5736e000 r--s 0003b000 08:02 2627410                    /usr/lib/jvm/java-8-openjdk-amd64/jre/lib/ext/sunjce_provider.jar
7f8e5736e000-7f8e5736f000 r--s 00010000 08:02 2628163                    /usr/lib/jvm/java-8-openjdk-amd64/jre/lib/ext/zipfs.jar
7f8e5736f000-7f8e57371000 r--s 00008000 08:02 2627412                    /usr/lib/jvm/java-8-openjdk-amd64/jre/lib/ext/sunec.jar
7f8e57371000-7f8e57374000 r--s 00038000 08:02 2627407                    /usr/lib/jvm/java-8-openjdk-amd64/jre/lib/ext/sunpkcs11.jar
7f8e57374000-7f8e57375000 r--s 00002000 08:02 919870                     /opt/idea-IU-181.4203.550/lib/rt/debugger-agent-storage.jar
7f8e57375000-7f8e5737d000 rw-s 00000000 08:02 3836199                    /tmp/hsperfdata_denis/6898
7f8e5737d000-7f8e5737e000 rw-p 00000000 00:00 0 
7f8e5737e000-7f8e5737f000 ---p 00000000 00:00 0 
7f8e5737f000-7f8e57380000 rw-p 00000000 00:00 0 
7f8e57380000-7f8e57381000 r--p 00025000 08:02 4718606                    /lib/x86_64-linux-gnu/ld-2.23.so
7f8e57381000-7f8e57382000 rw-p 00026000 08:02 4718606                    /lib/x86_64-linux-gnu/ld-2.23.so
7f8e57382000-7f8e57383000 rw-p 00000000 00:00 0 
7ffe72f65000-7ffe72f88000 rw-p 00000000 00:00 0                          [stack]
7ffe72f9c000-7ffe72f9e000 r--p 00000000 00:00 0                          [vvar]
7ffe72f9e000-7ffe72fa0000 r-xp 00000000 00:00 0                          [vdso]
ffffffffff600000-ffffffffff601000 r-xp 00000000 00:00 0                  [vsyscall]

VM Arguments:
jvm_args: -agentlib:jdwp=transport=dt_socket,address=127.0.0.1:39245,suspend=y,server=n -javaagent:/opt/idea-IU-181.4203.550/lib/rt/debugger-agent.jar=file:/tmp/capture.props -Dfile.encoding=UTF-8 
java_command: com.rentautosofia.rentacar.RentacarApplicationKt --spring.mail.password=denisraya12
java_class_path (initial): /usr/lib/jvm/java-8-openjdk-amd64/jre/lib/charsets.jar:/usr/lib/jvm/java-8-openjdk-amd64/jre/lib/ext/cldrdata.jar:/usr/lib/jvm/java-8-openjdk-amd64/jre/lib/ext/dnsns.jar:/usr/lib/jvm/java-8-openjdk-amd64/jre/lib/ext/icedtea-sound.jar:/usr/lib/jvm/java-8-openjdk-amd64/jre/lib/ext/jaccess.jar:/usr/lib/jvm/java-8-openjdk-amd64/jre/lib/ext/localedata.jar:/usr/lib/jvm/java-8-openjdk-amd64/jre/lib/ext/nashorn.jar:/usr/lib/jvm/java-8-openjdk-amd64/jre/lib/ext/sunec.jar:/usr/lib/jvm/java-8-openjdk-amd64/jre/lib/ext/sunjce_provider.jar:/usr/lib/jvm/java-8-openjdk-amd64/jre/lib/ext/sunpkcs11.jar:/usr/lib/jvm/java-8-openjdk-amd64/jre/lib/ext/zipfs.jar:/usr/lib/jvm/java-8-openjdk-amd64/jre/lib/jce.jar:/usr/lib/jvm/java-8-openjdk-amd64/jre/lib/jsse.jar:/usr/lib/jvm/java-8-openjdk-amd64/jre/lib/management-agent.jar:/usr/lib/jvm/java-8-openjdk-amd64/jre/lib/resources.jar:/usr/lib/jvm/java-8-openjdk-amd64/jre/lib/rt.jar:/home/denis/IdeaProjects/rentauto-sofia/target/classes:/home/denis/.m2/repository/org/springframework/boot/spring-boot-starter/2.0.0.RELEASE/spring-boot-starter-2.0.0.RELEASE.jar:/home/denis/.m2/repository/org/springframework/boot/spring-boot/2.0.0.RELEASE/spring-boot-2.0.0.RELEASE.jar:/home/denis/.m2/repository/org/springframework/boot/spring-boot-starter-logging/2.0.0.RELEASE/spring-boot-starter-logging-2.0.0.RELEASE.jar:/home/denis/.m2/repository/ch/qos/logback/logback-classic/1.2.3/logback-classic-1.2.3.jar:/home/denis/.m2/repository/ch/qos/logback/logback-core/1.2.3/logback-core-1.2.3.jar:/home/denis/.m2/repository/org/apache/logging/log4j/log4j-to-slf4j/2.10.0/log4j-to-slf4j-2.10.0.jar:/home/denis/.m2/repository/org/apache/logging/log4j/log4j-api/2.10.0/log4j-api-2.10.0.jar:/home/denis/.m2/repository/org/slf4j/jul-to-slf4j/1.7.25/jul-to-slf4j-1.7.25.jar:/home/denis/.m2/repository/javax/annotation/javax.annotation-api/1.3.2/javax.annotation-api-1.3.2.jar:/home/denis/.m2/repository/org/springframework/spring-core/5.0.4.RELEASE/spring
Launcher Type: SUN_STANDARD

Environment Variables:
PATH=/home/denis/bin:/home/denis/.local/bin:/usr/local/sbin:/usr/local/bin:/usr/sbin:/usr/bin:/sbin:/bin:/usr/games:/usr/local/games:/snap/bin
SHELL=/bin/bash
DISPLAY=:0

Signal Handlers:
SIGSEGV: [libjvm.so+0xa6dcc0], sa_mask[0]=11111111011111111101111111111110, sa_flags=SA_RESTART|SA_SIGINFO
SIGBUS: [libjvm.so+0xa6dcc0], sa_mask[0]=11111111011111111101111111111110, sa_flags=SA_RESTART|SA_SIGINFO
SIGFPE: [libjvm.so+0x8b5350], sa_mask[0]=11111111011111111101111111111110, sa_flags=SA_RESTART|SA_SIGINFO
SIGPIPE: [libjvm.so+0x8b5350], sa_mask[0]=11111111011111111101111111111110, sa_flags=SA_RESTART|SA_SIGINFO
SIGXFSZ: [libjvm.so+0x8b5350], sa_mask[0]=11111111011111111101111111111110, sa_flags=SA_RESTART|SA_SIGINFO
SIGILL: [libjvm.so+0x8b5350], sa_mask[0]=11111111011111111101111111111110, sa_flags=SA_RESTART|SA_SIGINFO
SIGUSR1: SIG_DFL, sa_mask[0]=00000000000000000000000000000000, sa_flags=none
SIGUSR2: [libjvm.so+0x8b5200], sa_mask[0]=00100000000000000000000000000000, sa_flags=SA_RESTART|SA_SIGINFO
SIGHUP: [libjvm.so+0x8b56d0], sa_mask[0]=11111111011111111101111111111110, sa_flags=SA_RESTART|SA_SIGINFO
SIGINT: [libjvm.so+0x8b56d0], sa_mask[0]=11111111011111111101111111111110, sa_flags=SA_RESTART|SA_SIGINFO
SIGTERM: [libjvm.so+0x8b56d0], sa_mask[0]=11111111011111111101111111111110, sa_flags=SA_RESTART|SA_SIGINFO
SIGQUIT: [libjvm.so+0x8b56d0], sa_mask[0]=11111111011111111101111111111110, sa_flags=SA_RESTART|SA_SIGINFO


---------------  S Y S T E M  ---------------

OS:DISTRIB_ID=Ubuntu
DISTRIB_RELEASE=16.04
DISTRIB_CODENAME=xenial
DISTRIB_DESCRIPTION="Ubuntu 16.04.4 LTS"

uname:Linux 4.10.0-28-generic #32~16.04.2-Ubuntu SMP Thu Jul 20 10:19:48 UTC 2017 x86_64
libc:glibc 2.23 NPTL 2.23 
rlimit: STACK 8192k, CORE 0k, NPROC 15171, NOFILE 1048576, AS infinity
load average:5,82 2,16 1,36

/proc/meminfo:
MemTotal:        3928552 kB
MemFree:          101000 kB
MemAvailable:       1320 kB
Buffers:             664 kB
Cached:           249476 kB
SwapCached:            0 kB
Active:          3406836 kB
Inactive:         239140 kB
Active(anon):    3397636 kB
Inactive(anon):   229884 kB
Active(file):       9200 kB
Inactive(file):     9256 kB
Unevictable:          48 kB
Mlocked:              48 kB
SwapTotal:             0 kB
SwapFree:              0 kB
Dirty:               132 kB
Writeback:            28 kB
AnonPages:       3396188 kB
Mapped:            53156 kB
Shmem:            231380 kB
Slab:              69428 kB
SReclaimable:      30984 kB
SUnreclaim:        38444 kB
KernelStack:       10544 kB
PageTables:        45516 kB
NFS_Unstable:          0 kB
Bounce:                0 kB
WritebackTmp:          0 kB
CommitLimit:     1964276 kB
Committed_AS:    7806016 kB
VmallocTotal:   34359738367 kB
VmallocUsed:           0 kB
VmallocChunk:          0 kB
HardwareCorrupted:     0 kB
AnonHugePages:   1695744 kB
ShmemHugePages:        0 kB
ShmemPmdMapped:        0 kB
CmaTotal:              0 kB
CmaFree:               0 kB
HugePages_Total:       0
HugePages_Free:        0
HugePages_Rsvd:        0
HugePages_Surp:        0
Hugepagesize:       2048 kB
DirectMap4k:      187136 kB
DirectMap2M:     3891200 kB


CPU:total 2 (initial active 2) (2 cores per cpu, 1 threads per core) family 6 model 55 stepping 8, cmov, cx8, fxsr, mmx, sse, sse2, sse3, ssse3, sse4.1, sse4.2, popcnt, clmul, erms, 3dnowpref, tsc, tscinvbit

/proc/cpuinfo:
processor	: 0
vendor_id	: GenuineIntel
cpu family	: 6
model		: 55
model name	: Intel(R) Celeron(R) CPU  N2840  @ 2.16GHz
stepping	: 8
microcode	: 0x809
cpu MHz		: 982.171
cache size	: 1024 KB
physical id	: 0
siblings	: 2
core id		: 0
cpu cores	: 2
apicid		: 0
initial apicid	: 0
fpu		: yes
fpu_exception	: yes
cpuid level	: 11
wp		: yes
flags		: fpu vme de pse tsc msr pae mce cx8 apic sep mtrr pge mca cmov pat pse36 clflush dts acpi mmx fxsr sse sse2 ss ht tm pbe syscall nx rdtscp lm constant_tsc arch_perfmon pebs bts rep_good nopl xtopology tsc_reliable nonstop_tsc aperfmperf tsc_known_freq pni pclmulqdq dtes64 monitor ds_cpl vmx est tm2 ssse3 cx16 xtpr pdcm sse4_1 sse4_2 movbe popcnt tsc_deadline_timer rdrand lahf_lm 3dnowprefetch epb tpr_shadow vnmi flexpriority ept vpid tsc_adjust smep erms dtherm ida arat
bugs		:
bogomips	: 4331.60
clflush size	: 64
cache_alignment	: 64
address sizes	: 36 bits physical, 48 bits virtual
power management:

processor	: 1
vendor_id	: GenuineIntel
cpu family	: 6
model		: 55
model name	: Intel(R) Celeron(R) CPU  N2840  @ 2.16GHz
stepping	: 8
microcode	: 0x809
cpu MHz		: 927.841
cache size	: 1024 KB
physical id	: 0
siblings	: 2
core id		: 1
cpu cores	: 2
apicid		: 2
initial apicid	: 2
fpu		: yes
fpu_exception	: yes
cpuid level	: 11
wp		: yes
flags		: fpu vme de pse tsc msr pae mce cx8 apic sep mtrr pge mca cmov pat pse36 clflush dts acpi mmx fxsr sse sse2 ss ht tm pbe syscall nx rdtscp lm constant_tsc arch_perfmon pebs bts rep_good nopl xtopology tsc_reliable nonstop_tsc aperfmperf tsc_known_freq pni pclmulqdq dtes64 monitor ds_cpl vmx est tm2 ssse3 cx16 xtpr pdcm sse4_1 sse4_2 movbe popcnt tsc_deadline_timer rdrand lahf_lm 3dnowprefetch epb tpr_shadow vnmi flexpriority ept vpid tsc_adjust smep erms dtherm ida arat
bugs		:
bogomips	: 4331.60
clflush size	: 64
cache_alignment	: 64
address sizes	: 36 bits physical, 48 bits virtual
power management:



Memory: 4k page, physical 3928552k(101000k free), swap 0k(0k free)

vm_info: OpenJDK 64-Bit Server VM (25.162-b12) for linux-amd64 JRE (1.8.0_162-8u162-b12-0ubuntu0.16.04.2-b12), built on Mar 14 2018 12:11:18 by "buildd" with gcc 5.4.0 20160609

time: Wed Apr 18 21:53:40 2018
elapsed time: 68 seconds (0d 0h 1m 8s)

